[     175ms] [LOG] Model size: 34.2 41.2 10.9 @ http://localhost:5173/src/lib/components/ESP32Scene.svelte?t=1775756488799:73
[     176ms] [LOG] Model center: -0.6 1.6 -0.8 @ http://localhost:5173/src/lib/components/ESP32Scene.svelte?t=1775756488799:74
[     176ms] [LOG] Model box min: -17.7 -19.0 -6.2 max: 16.5 22.2 4.7 @ http://localhost:5173/src/lib/components/ESP32Scene.svelte?t=1775756488799:75
[   41013ms] [LOG] Model size: 34.2 41.2 10.9 @ http://localhost:5173/src/lib/components/ESP32Scene.svelte?t=1775756535158:73
[   41013ms] [LOG] Model center: -0.6 1.6 -0.8 @ http://localhost:5173/src/lib/components/ESP32Scene.svelte?t=1775756535158:74
[   41013ms] [LOG] Model box min: -17.7 -19.0 -6.2 max: 16.5 22.2 4.7 @ http://localhost:5173/src/lib/components/ESP32Scene.svelte?t=1775756535158:75
[   42590ms] [LOG] Model size: 34.2 41.2 10.9 @ http://localhost:5173/src/lib/components/ESP32Scene.svelte?t=1775756536735:73
[   42590ms] [LOG] Model center: -0.6 1.6 -0.8 @ http://localhost:5173/src/lib/components/ESP32Scene.svelte?t=1775756536735:74
[   42590ms] [LOG] Model box min: -17.7 -19.0 -6.2 max: 16.5 22.2 4.7 @ http://localhost:5173/src/lib/components/ESP32Scene.svelte?t=1775756536735:75
[   43792ms] [LOG] Model size: 34.2 41.2 10.9 @ http://localhost:5173/src/lib/components/ESP32Scene.svelte?t=1775756537925:73
[   43792ms] [LOG] Model center: -0.6 1.6 -0.8 @ http://localhost:5173/src/lib/components/ESP32Scene.svelte?t=1775756537925:74
[   43792ms] [LOG] Model box min: -17.7 -19.0 -6.2 max: 16.5 22.2 4.7 @ http://localhost:5173/src/lib/components/ESP32Scene.svelte?t=1775756537925:75
[   46142ms] [LOG] Model size: 34.2 41.2 10.9 @ http://localhost:5173/src/lib/components/ESP32Scene.svelte?t=1775756540293:73
[   46142ms] [LOG] Model center: -0.6 1.6 -0.8 @ http://localhost:5173/src/lib/components/ESP32Scene.svelte?t=1775756540293:74
[   46142ms] [LOG] Model box min: -17.7 -19.0 -6.2 max: 16.5 22.2 4.7 @ http://localhost:5173/src/lib/components/ESP32Scene.svelte?t=1775756540293:75
[   49626ms] [LOG] Model size: 34.2 41.2 10.9 @ http://localhost:5173/src/lib/components/ESP32Scene.svelte?t=1775756543762:73
[   49626ms] [LOG] Model center: -0.6 1.6 -0.8 @ http://localhost:5173/src/lib/components/ESP32Scene.svelte?t=1775756543762:74
[   49626ms] [LOG] Model box min: -17.7 -19.0 -6.2 max: 16.5 22.2 4.7 @ http://localhost:5173/src/lib/components/ESP32Scene.svelte?t=1775756543762:75
[   54433ms] [LOG] Model size: 34.2 41.2 10.9 @ http://localhost:5173/src/lib/components/ESP32Scene.svelte?t=1775756548581:73
[   54434ms] [LOG] Model center: -0.6 1.6 -0.8 @ http://localhost:5173/src/lib/components/ESP32Scene.svelte?t=1775756548581:74
[   54434ms] [LOG] Model box min: -17.7 -19.0 -6.2 max: 16.5 22.2 4.7 @ http://localhost:5173/src/lib/components/ESP32Scene.svelte?t=1775756548581:75
[   63435ms] [LOG] Model size: 34.2 41.2 10.9 @ http://localhost:5173/src/lib/components/ESP32Scene.svelte?t=1775756557579:73
[   63435ms] [LOG] Model center: -0.6 1.6 -0.8 @ http://localhost:5173/src/lib/components/ESP32Scene.svelte?t=1775756557579:74
[   63435ms] [LOG] Model box min: -17.7 -19.0 -6.2 max: 16.5 22.2 4.7 @ http://localhost:5173/src/lib/components/ESP32Scene.svelte?t=1775756557579:75
[   71356ms] [LOG] Model size: 34.2 41.2 10.9 @ http://localhost:5173/src/lib/components/ESP32Scene.svelte?t=1775756565503:73
[   71356ms] [LOG] Model center: -0.6 1.6 -0.8 @ http://localhost:5173/src/lib/components/ESP32Scene.svelte?t=1775756565503:74
[   71356ms] [LOG] Model box min: -17.7 -19.0 -6.2 max: 16.5 22.2 4.7 @ http://localhost:5173/src/lib/components/ESP32Scene.svelte?t=1775756565503:75
[   77528ms] [LOG] Model size: 34.2 41.2 10.9 @ http://localhost:5173/src/lib/components/ESP32Scene.svelte?t=1775756571671:73
[   77528ms] [LOG] Model center: -0.6 1.6 -0.8 @ http://localhost:5173/src/lib/components/ESP32Scene.svelte?t=1775756571671:74
[   77528ms] [LOG] Model box min: -17.7 -19.0 -6.2 max: 16.5 22.2 4.7 @ http://localhost:5173/src/lib/components/ESP32Scene.svelte?t=1775756571671:75
[   81180ms] [LOG] Model size: 34.2 41.2 10.9 @ http://localhost:5173/src/lib/components/ESP32Scene.svelte?t=1775756575328:73
[   81180ms] [LOG] Model center: -0.6 1.6 -0.8 @ http://localhost:5173/src/lib/components/ESP32Scene.svelte?t=1775756575328:74
[   81181ms] [LOG] Model box min: -17.7 -19.0 -6.2 max: 16.5 22.2 4.7 @ http://localhost:5173/src/lib/components/ESP32Scene.svelte?t=1775756575328:75
[   85441ms] [LOG] Model size: 34.2 41.2 10.9 @ http://localhost:5173/src/lib/components/ESP32Scene.svelte?t=1775756579591:73
[   85441ms] [LOG] Model center: -0.6 1.6 -0.8 @ http://localhost:5173/src/lib/components/ESP32Scene.svelte?t=1775756579591:74
[   85441ms] [LOG] Model box min: -17.7 -19.0 -6.2 max: 16.5 22.2 4.7 @ http://localhost:5173/src/lib/components/ESP32Scene.svelte?t=1775756579591:75
[   96661ms] [LOG] Model size: 34.2 41.2 10.9 @ http://localhost:5173/src/lib/components/ESP32Scene.svelte?t=1775756590810:73
[   96661ms] [LOG] Model center: -0.6 1.6 -0.8 @ http://localhost:5173/src/lib/components/ESP32Scene.svelte?t=1775756590810:74
[   96661ms] [LOG] Model box min: -17.7 -19.0 -6.2 max: 16.5 22.2 4.7 @ http://localhost:5173/src/lib/components/ESP32Scene.svelte?t=1775756590810:75
[  106664ms] [LOG] Model size: 34.2 41.2 10.9 @ http://localhost:5173/src/lib/components/ESP32Scene.svelte?t=1775756600813:73
[  106664ms] [LOG] Model center: -0.6 1.6 -0.8 @ http://localhost:5173/src/lib/components/ESP32Scene.svelte?t=1775756600813:74
[  106664ms] [LOG] Model box min: -17.7 -19.0 -6.2 max: 16.5 22.2 4.7 @ http://localhost:5173/src/lib/components/ESP32Scene.svelte?t=1775756600813:75
[  124705ms] [LOG] Model size: 34.2 41.2 10.9 @ http://localhost:5173/src/lib/components/ESP32Scene.svelte?t=1775756618854:73
[  124705ms] [LOG] Model center: -0.6 1.6 -0.8 @ http://localhost:5173/src/lib/components/ESP32Scene.svelte?t=1775756618854:74
[  124705ms] [LOG] Model box min: -17.7 -19.0 -6.2 max: 16.5 22.2 4.7 @ http://localhost:5173/src/lib/components/ESP32Scene.svelte?t=1775756618854:75
[  126642ms] [LOG] Model size: 34.2 41.2 10.9 @ http://localhost:5173/src/lib/components/ESP32Scene.svelte?t=1775756620791:73
[  126643ms] [LOG] Model center: -0.6 1.6 -0.8 @ http://localhost:5173/src/lib/components/ESP32Scene.svelte?t=1775756620791:74
[  126643ms] [LOG] Model box min: -17.7 -19.0 -6.2 max: 16.5 22.2 4.7 @ http://localhost:5173/src/lib/components/ESP32Scene.svelte?t=1775756620791:75
[  129555ms] [LOG] Model size: 34.2 41.2 10.9 @ http://localhost:5173/src/lib/components/ESP32Scene.svelte?t=1775756623703:73
[  129555ms] [LOG] Model center: -0.6 1.6 -0.8 @ http://localhost:5173/src/lib/components/ESP32Scene.svelte?t=1775756623703:74
[  129555ms] [LOG] Model box min: -17.7 -19.0 -6.2 max: 16.5 22.2 4.7 @ http://localhost:5173/src/lib/components/ESP32Scene.svelte?t=1775756623703:75
[  131649ms] [LOG] Model size: 34.2 41.2 10.9 @ http://localhost:5173/src/lib/components/ESP32Scene.svelte?t=1775756625796:73
[  131649ms] [LOG] Model center: -0.6 1.6 -0.8 @ http://localhost:5173/src/lib/components/ESP32Scene.svelte?t=1775756625796:74
[  131649ms] [LOG] Model box min: -17.7 -19.0 -6.2 max: 16.5 22.2 4.7 @ http://localhost:5173/src/lib/components/ESP32Scene.svelte?t=1775756625796:75
[  133797ms] [LOG] Model size: 34.2 41.2 10.9 @ http://localhost:5173/src/lib/components/ESP32Scene.svelte?t=1775756627945:73
[  133797ms] [LOG] Model center: -0.6 1.6 -0.8 @ http://localhost:5173/src/lib/components/ESP32Scene.svelte?t=1775756627945:74
[  133797ms] [LOG] Model box min: -17.7 -19.0 -6.2 max: 16.5 22.2 4.7 @ http://localhost:5173/src/lib/components/ESP32Scene.svelte?t=1775756627945:75
[  139515ms] [LOG] Model size: 34.2 41.2 10.9 @ http://localhost:5173/src/lib/components/ESP32Scene.svelte?t=1775756633659:73
[  139515ms] [LOG] Model center: -0.6 1.6 -0.8 @ http://localhost:5173/src/lib/components/ESP32Scene.svelte?t=1775756633659:74
[  139515ms] [LOG] Model box min: -17.7 -19.0 -6.2 max: 16.5 22.2 4.7 @ http://localhost:5173/src/lib/components/ESP32Scene.svelte?t=1775756633659:75
[  144502ms] [LOG] Model size: 34.2 41.2 10.9 @ http://localhost:5173/src/lib/components/ESP32Scene.svelte?t=1775756638653:73
[  144502ms] [LOG] Model center: -0.6 1.6 -0.8 @ http://localhost:5173/src/lib/components/ESP32Scene.svelte?t=1775756638653:74
[  144502ms] [LOG] Model box min: -17.7 -19.0 -6.2 max: 16.5 22.2 4.7 @ http://localhost:5173/src/lib/components/ESP32Scene.svelte?t=1775756638653:75
[  147986ms] [LOG] Model size: 34.2 41.2 10.9 @ http://localhost:5173/src/lib/components/ESP32Scene.svelte?t=1775756642141:73
[  147986ms] [LOG] Model center: -0.6 1.6 -0.8 @ http://localhost:5173/src/lib/components/ESP32Scene.svelte?t=1775756642141:74
[  147986ms] [LOG] Model box min: -17.7 -19.0 -6.2 max: 16.5 22.2 4.7 @ http://localhost:5173/src/lib/components/ESP32Scene.svelte?t=1775756642141:75
