[  174082ms] [WARNING] THREE.WARNING: Multiple instances of Three.js being imported. @ http://localhost:5173/@vite/client:509
[  174799ms] [WARNING] [.WebGL-0x10c0045e600] GL_INVALID_FRAMEBUFFER_OPERATION: glClear: Framebuffer is incomplete: Attachment has zero size. @ http://localhost:5173/:0
[  174799ms] [WARNING] [.WebGL-0x10c0045e600] GL_INVALID_FRAMEBUFFER_OPERATION: glDrawElements: Framebuffer is incomplete: Attachment has zero size. @ http://localhost:5173/:0
[  174799ms] [WARNING] [.WebGL-0x10c0045e600] GL_INVALID_FRAMEBUFFER_OPERATION: glClear: Framebuffer is incomplete: Attachment has zero size. @ http://localhost:5173/:0
[  174799ms] [WARNING] [.WebGL-0x10c0045e600] GL_INVALID_FRAMEBUFFER_OPERATION: glDrawArrays: Framebuffer is incomplete: Attachment has zero size. @ http://localhost:5173/:0
[  174799ms] [WARNING] [.WebGL-0x10c0045e600] GL_INVALID_FRAMEBUFFER_OPERATION: glClear: Framebuffer is incomplete: Attachment has zero size. @ http://localhost:5173/:0
[  174799ms] [WARNING] [.WebGL-0x10c0045e600] GL_INVALID_FRAMEBUFFER_OPERATION: glDrawArrays: Framebuffer is incomplete: Attachment has zero size. @ http://localhost:5173/:0
[  174799ms] [WARNING] [.WebGL-0x10c0045e600] GL_INVALID_FRAMEBUFFER_OPERATION: glClear: Framebuffer is incomplete: Attachment has zero size. @ http://localhost:5173/:0
[  174799ms] [WARNING] [.WebGL-0x10c0045e600] GL_INVALID_FRAMEBUFFER_OPERATION: glDrawArrays: Framebuffer is incomplete: Attachment has zero size. @ http://localhost:5173/:0
[  174799ms] [WARNING] [.WebGL-0x10c0045e600] GL_INVALID_FRAMEBUFFER_OPERATION: glClear: Framebuffer is incomplete: Attachment has zero size. @ http://localhost:5173/:0
[  174799ms] [WARNING] [.WebGL-0x10c0045e600] GL_INVALID_FRAMEBUFFER_OPERATION: glDrawArrays: Framebuffer is incomplete: Attachment has zero size. @ http://localhost:5173/:0
[  174799ms] [WARNING] [.WebGL-0x10c0045e600] GL_INVALID_FRAMEBUFFER_OPERATION: glClear: Framebuffer is incomplete: Attachment has zero size. @ http://localhost:5173/:0
[  174799ms] [WARNING] [.WebGL-0x10c0045e600] GL_INVALID_FRAMEBUFFER_OPERATION: glDrawArrays: Framebuffer is incomplete: Attachment has zero size. @ http://localhost:5173/:0
[  174799ms] [WARNING] [.WebGL-0x10c0045e600] GL_INVALID_FRAMEBUFFER_OPERATION: glClear: Framebuffer is incomplete: Attachment has zero size. @ http://localhost:5173/:0
[  174799ms] [WARNING] [.WebGL-0x10c0045e600] GL_INVALID_FRAMEBUFFER_OPERATION: glDrawArrays: Framebuffer is incomplete: Attachment has zero size. @ http://localhost:5173/:0
[  174799ms] [WARNING] [.WebGL-0x10c0045e600] GL_INVALID_FRAMEBUFFER_OPERATION: glClear: Framebuffer is incomplete: Attachment has zero size. @ http://localhost:5173/:0
[  174799ms] [WARNING] [.WebGL-0x10c0045e600] GL_INVALID_FRAMEBUFFER_OPERATION: glDrawArrays: Framebuffer is incomplete: Attachment has zero size. @ http://localhost:5173/:0
[  174799ms] [WARNING] [.WebGL-0x10c0045e600] GL_INVALID_FRAMEBUFFER_OPERATION: glClear: Framebuffer is incomplete: Attachment has zero size. @ http://localhost:5173/:0
[  174799ms] [WARNING] [.WebGL-0x10c0045e600] GL_INVALID_FRAMEBUFFER_OPERATION: glDrawArrays: Framebuffer is incomplete: Attachment has zero size. @ http://localhost:5173/:0
[  174799ms] [WARNING] [.WebGL-0x10c0045e600] GL_INVALID_FRAMEBUFFER_OPERATION: glClear: Framebuffer is incomplete: Attachment has zero size. @ http://localhost:5173/:0
[  174799ms] [WARNING] [.WebGL-0x10c0045e600] GL_INVALID_FRAMEBUFFER_OPERATION: glDrawArrays: Framebuffer is incomplete: Attachment has zero size. @ http://localhost:5173/:0
[  174799ms] [WARNING] [.WebGL-0x10c0045e600] GL_INVALID_FRAMEBUFFER_OPERATION: glClear: Framebuffer is incomplete: Attachment has zero size. @ http://localhost:5173/:0
[  174799ms] [WARNING] [.WebGL-0x10c0045e600] GL_INVALID_FRAMEBUFFER_OPERATION: glDrawArrays: Framebuffer is incomplete: Attachment has zero size. @ http://localhost:5173/:0
[  174799ms] [WARNING] [.WebGL-0x10c0045e600] GL_INVALID_FRAMEBUFFER_OPERATION: glClear: Framebuffer is incomplete: Attachment has zero size. @ http://localhost:5173/:0
[  174799ms] [WARNING] [.WebGL-0x10c0045e600] GL_INVALID_FRAMEBUFFER_OPERATION: glDrawArrays: Framebuffer is incomplete: Attachment has zero size. @ http://localhost:5173/:0
[  174799ms] [WARNING] [.WebGL-0x10c0045e600] GL_INVALID_FRAMEBUFFER_OPERATION: glClear: Framebuffer is incomplete: Attachment has zero size. @ http://localhost:5173/:0
[  174799ms] [WARNING] [.WebGL-0x10c0045e600] GL_INVALID_FRAMEBUFFER_OPERATION: glDrawArrays: Framebuffer is incomplete: Attachment has zero size. @ http://localhost:5173/:0
[  174799ms] [WARNING] [.WebGL-0x10c0045e600] GL_INVALID_FRAMEBUFFER_OPERATION: glDrawArrays: Framebuffer is incomplete: Attachment has zero size. @ http://localhost:5173/:0
[  174821ms] [WARNING] [.WebGL-0x10c0045e600] GL_INVALID_FRAMEBUFFER_OPERATION: glClear: Framebuffer is incomplete: Attachment has zero size. @ http://localhost:5173/:0
[  174821ms] [WARNING] [.WebGL-0x10c0045e600] GL_INVALID_FRAMEBUFFER_OPERATION: glDrawElements: Framebuffer is incomplete: Attachment has zero size. @ http://localhost:5173/:0
[  174821ms] [WARNING] [.WebGL-0x10c0045e600] GL_INVALID_FRAMEBUFFER_OPERATION: glClear: Framebuffer is incomplete: Attachment has zero size. @ http://localhost:5173/:0
[  174821ms] [WARNING] [.WebGL-0x10c0045e600] GL_INVALID_FRAMEBUFFER_OPERATION: glDrawArrays: Framebuffer is incomplete: Attachment has zero size. @ http://localhost:5173/:0
[  174821ms] [WARNING] [.WebGL-0x10c0045e600] GL_INVALID_FRAMEBUFFER_OPERATION: glClear: Framebuffer is incomplete: Attachment has zero size. @ http://localhost:5173/:0
[  174821ms] [WARNING] [.WebGL-0x10c0045e600] GL_INVALID_FRAMEBUFFER_OPERATION: glDrawArrays: Framebuffer is incomplete: Attachment has zero size. @ http://localhost:5173/:0
[  174821ms] [WARNING] [.WebGL-0x10c0045e600] GL_INVALID_FRAMEBUFFER_OPERATION: glClear: Framebuffer is incomplete: Attachment has zero size. @ http://localhost:5173/:0
[  174821ms] [WARNING] [.WebGL-0x10c0045e600] GL_INVALID_FRAMEBUFFER_OPERATION: glDrawArrays: Framebuffer is incomplete: Attachment has zero size. @ http://localhost:5173/:0
[  174821ms] [WARNING] [.WebGL-0x10c0045e600] GL_INVALID_FRAMEBUFFER_OPERATION: glClear: Framebuffer is incomplete: Attachment has zero size. @ http://localhost:5173/:0
[  174821ms] [WARNING] [.WebGL-0x10c0045e600] GL_INVALID_FRAMEBUFFER_OPERATION: glDrawArrays: Framebuffer is incomplete: Attachment has zero size. @ http://localhost:5173/:0
[  174821ms] [WARNING] [.WebGL-0x10c0045e600] GL_INVALID_FRAMEBUFFER_OPERATION: glClear: Framebuffer is incomplete: Attachment has zero size. @ http://localhost:5173/:0
[  174821ms] [WARNING] [.WebGL-0x10c0045e600] GL_INVALID_FRAMEBUFFER_OPERATION: glDrawArrays: Framebuffer is incomplete: Attachment has zero size. @ http://localhost:5173/:0
[  174821ms] [WARNING] [.WebGL-0x10c0045e600] GL_INVALID_FRAMEBUFFER_OPERATION: glClear: Framebuffer is incomplete: Attachment has zero size. @ http://localhost:5173/:0
[  174821ms] [WARNING] [.WebGL-0x10c0045e600] GL_INVALID_FRAMEBUFFER_OPERATION: glDrawArrays: Framebuffer is incomplete: Attachment has zero size. @ http://localhost:5173/:0
[  174821ms] [WARNING] [.WebGL-0x10c0045e600] GL_INVALID_FRAMEBUFFER_OPERATION: glClear: Framebuffer is incomplete: Attachment has zero size. @ http://localhost:5173/:0
[  174821ms] [WARNING] [.WebGL-0x10c0045e600] GL_INVALID_FRAMEBUFFER_OPERATION: glDrawArrays: Framebuffer is incomplete: Attachment has zero size. @ http://localhost:5173/:0
[  174821ms] [WARNING] [.WebGL-0x10c0045e600] GL_INVALID_FRAMEBUFFER_OPERATION: glClear: Framebuffer is incomplete: Attachment has zero size. @ http://localhost:5173/:0
[  174821ms] [WARNING] [.WebGL-0x10c0045e600] GL_INVALID_FRAMEBUFFER_OPERATION: glDrawArrays: Framebuffer is incomplete: Attachment has zero size. @ http://localhost:5173/:0
[  174821ms] [WARNING] [.WebGL-0x10c0045e600] GL_INVALID_FRAMEBUFFER_OPERATION: glClear: Framebuffer is incomplete: Attachment has zero size. @ http://localhost:5173/:0
[  174821ms] [WARNING] [.WebGL-0x10c0045e600] GL_INVALID_FRAMEBUFFER_OPERATION: glDrawArrays: Framebuffer is incomplete: Attachment has zero size. @ http://localhost:5173/:0
[  174821ms] [WARNING] [.WebGL-0x10c0045e600] GL_INVALID_FRAMEBUFFER_OPERATION: glClear: Framebuffer is incomplete: Attachment has zero size. @ http://localhost:5173/:0
[  174821ms] [WARNING] [.WebGL-0x10c0045e600] GL_INVALID_FRAMEBUFFER_OPERATION: glDrawArrays: Framebuffer is incomplete: Attachment has zero size. @ http://localhost:5173/:0
[  174821ms] [WARNING] [.WebGL-0x10c0045e600] GL_INVALID_FRAMEBUFFER_OPERATION: glClear: Framebuffer is incomplete: Attachment has zero size. @ http://localhost:5173/:0
[  174821ms] [WARNING] [.WebGL-0x10c0045e600] GL_INVALID_FRAMEBUFFER_OPERATION: glDrawArrays: Framebuffer is incomplete: Attachment has zero size. @ http://localhost:5173/:0
[  174821ms] [WARNING] [.WebGL-0x10c0045e600] GL_INVALID_FRAMEBUFFER_OPERATION: glClear: Framebuffer is incomplete: Attachment has zero size. @ http://localhost:5173/:0
[  174821ms] [WARNING] [.WebGL-0x10c0045e600] GL_INVALID_FRAMEBUFFER_OPERATION: glDrawArrays: Framebuffer is incomplete: Attachment has zero size. @ http://localhost:5173/:0
[  174821ms] [WARNING] [.WebGL-0x10c0045e600] GL_INVALID_FRAMEBUFFER_OPERATION: glDrawArrays: Framebuffer is incomplete: Attachment has zero size. @ http://localhost:5173/:0
[  174823ms] [WARNING] [.WebGL-0x10c0045e600] GL_INVALID_FRAMEBUFFER_OPERATION: glClear: Framebuffer is incomplete: Attachment has zero size. @ http://localhost:5173/:0
[  174823ms] [WARNING] [.WebGL-0x10c0045e600] GL_INVALID_FRAMEBUFFER_OPERATION: glDrawElements: Framebuffer is incomplete: Attachment has zero size. @ http://localhost:5173/:0
[  174823ms] [WARNING] [.WebGL-0x10c0045e600] GL_INVALID_FRAMEBUFFER_OPERATION: glClear: Framebuffer is incomplete: Attachment has zero size. @ http://localhost:5173/:0
[  174823ms] [WARNING] [.WebGL-0x10c0045e600] GL_INVALID_FRAMEBUFFER_OPERATION: glDrawArrays: Framebuffer is incomplete: Attachment has zero size. @ http://localhost:5173/:0
[  174823ms] [WARNING] [.WebGL-0x10c0045e600] GL_INVALID_FRAMEBUFFER_OPERATION: glClear: Framebuffer is incomplete: Attachment has zero size. @ http://localhost:5173/:0
[  174823ms] [WARNING] [.WebGL-0x10c0045e600] GL_INVALID_FRAMEBUFFER_OPERATION: glDrawArrays: Framebuffer is incomplete: Attachment has zero size. @ http://localhost:5173/:0
[  174823ms] [WARNING] [.WebGL-0x10c0045e600] GL_INVALID_FRAMEBUFFER_OPERATION: glClear: Framebuffer is incomplete: Attachment has zero size. @ http://localhost:5173/:0
[  174823ms] [WARNING] [.WebGL-0x10c0045e600] GL_INVALID_FRAMEBUFFER_OPERATION: glDrawArrays: Framebuffer is incomplete: Attachment has zero size. @ http://localhost:5173/:0
[  174823ms] [WARNING] [.WebGL-0x10c0045e600] GL_INVALID_FRAMEBUFFER_OPERATION: glClear: Framebuffer is incomplete: Attachment has zero size. @ http://localhost:5173/:0
[  174823ms] [WARNING] [.WebGL-0x10c0045e600] GL_INVALID_FRAMEBUFFER_OPERATION: glDrawArrays: Framebuffer is incomplete: Attachment has zero size. @ http://localhost:5173/:0
[  174823ms] [WARNING] [.WebGL-0x10c0045e600] GL_INVALID_FRAMEBUFFER_OPERATION: glClear: Framebuffer is incomplete: Attachment has zero size. @ http://localhost:5173/:0
[  174823ms] [WARNING] [.WebGL-0x10c0045e600] GL_INVALID_FRAMEBUFFER_OPERATION: glDrawArrays: Framebuffer is incomplete: Attachment has zero size. @ http://localhost:5173/:0
[  174823ms] [WARNING] [.WebGL-0x10c0045e600] GL_INVALID_FRAMEBUFFER_OPERATION: glClear: Framebuffer is incomplete: Attachment has zero size. @ http://localhost:5173/:0
[  174823ms] [WARNING] [.WebGL-0x10c0045e600] GL_INVALID_FRAMEBUFFER_OPERATION: glDrawArrays: Framebuffer is incomplete: Attachment has zero size. @ http://localhost:5173/:0
[  174823ms] [WARNING] [.WebGL-0x10c0045e600] GL_INVALID_FRAMEBUFFER_OPERATION: glClear: Framebuffer is incomplete: Attachment has zero size. @ http://localhost:5173/:0
[  174823ms] [WARNING] [.WebGL-0x10c0045e600] GL_INVALID_FRAMEBUFFER_OPERATION: glDrawArrays: Framebuffer is incomplete: Attachment has zero size. @ http://localhost:5173/:0
[  174823ms] [WARNING] [.WebGL-0x10c0045e600] GL_INVALID_FRAMEBUFFER_OPERATION: glClear: Framebuffer is incomplete: Attachment has zero size. @ http://localhost:5173/:0
[  174823ms] [WARNING] [.WebGL-0x10c0045e600] GL_INVALID_FRAMEBUFFER_OPERATION: glDrawArrays: Framebuffer is incomplete: Attachment has zero size. @ http://localhost:5173/:0
[  174823ms] [WARNING] [.WebGL-0x10c0045e600] GL_INVALID_FRAMEBUFFER_OPERATION: glClear: Framebuffer is incomplete: Attachment has zero size. @ http://localhost:5173/:0
[  174823ms] [WARNING] [.WebGL-0x10c0045e600] GL_INVALID_FRAMEBUFFER_OPERATION: glDrawArrays: Framebuffer is incomplete: Attachment has zero size. @ http://localhost:5173/:0
[  174823ms] [WARNING] [.WebGL-0x10c0045e600] GL_INVALID_FRAMEBUFFER_OPERATION: glClear: Framebuffer is incomplete: Attachment has zero size. @ http://localhost:5173/:0
[  174823ms] [WARNING] [.WebGL-0x10c0045e600] GL_INVALID_FRAMEBUFFER_OPERATION: glDrawArrays: Framebuffer is incomplete: Attachment has zero size. @ http://localhost:5173/:0
[  174823ms] [WARNING] [.WebGL-0x10c0045e600] GL_INVALID_FRAMEBUFFER_OPERATION: glClear: Framebuffer is incomplete: Attachment has zero size. @ http://localhost:5173/:0
[  174823ms] [WARNING] [.WebGL-0x10c0045e600] GL_INVALID_FRAMEBUFFER_OPERATION: glDrawArrays: Framebuffer is incomplete: Attachment has zero size. @ http://localhost:5173/:0
[  174823ms] [WARNING] [.WebGL-0x10c0045e600] GL_INVALID_FRAMEBUFFER_OPERATION: glClear: Framebuffer is incomplete: Attachment has zero size. @ http://localhost:5173/:0
[  174823ms] [WARNING] [.WebGL-0x10c0045e600] GL_INVALID_FRAMEBUFFER_OPERATION: glDrawArrays: Framebuffer is incomplete: Attachment has zero size. @ http://localhost:5173/:0
[  174823ms] [WARNING] [.WebGL-0x10c0045e600] GL_INVALID_FRAMEBUFFER_OPERATION: glDrawArrays: Framebuffer is incomplete: Attachment has zero size. @ http://localhost:5173/:0
[  174828ms] [WARNING] [.WebGL-0x10c0045e600] GL_INVALID_FRAMEBUFFER_OPERATION: glClear: Framebuffer is incomplete: Attachment has zero size. @ http://localhost:5173/:0
[  174828ms] [WARNING] [.WebGL-0x10c0045e600] GL_INVALID_FRAMEBUFFER_OPERATION: glDrawElements: Framebuffer is incomplete: Attachment has zero size. @ http://localhost:5173/:0
[  174828ms] [WARNING] [.WebGL-0x10c0045e600] GL_INVALID_FRAMEBUFFER_OPERATION: glClear: Framebuffer is incomplete: Attachment has zero size. @ http://localhost:5173/:0
[  174828ms] [WARNING] [.WebGL-0x10c0045e600] GL_INVALID_FRAMEBUFFER_OPERATION: glDrawArrays: Framebuffer is incomplete: Attachment has zero size. @ http://localhost:5173/:0
[  174828ms] [WARNING] [.WebGL-0x10c0045e600] GL_INVALID_FRAMEBUFFER_OPERATION: glClear: Framebuffer is incomplete: Attachment has zero size. @ http://localhost:5173/:0
[  174828ms] [WARNING] [.WebGL-0x10c0045e600] GL_INVALID_FRAMEBUFFER_OPERATION: glDrawArrays: Framebuffer is incomplete: Attachment has zero size. @ http://localhost:5173/:0
[  174828ms] [WARNING] [.WebGL-0x10c0045e600] GL_INVALID_FRAMEBUFFER_OPERATION: glClear: Framebuffer is incomplete: Attachment has zero size. @ http://localhost:5173/:0
[  174828ms] [WARNING] [.WebGL-0x10c0045e600] GL_INVALID_FRAMEBUFFER_OPERATION: glDrawArrays: Framebuffer is incomplete: Attachment has zero size. @ http://localhost:5173/:0
[  174828ms] [WARNING] [.WebGL-0x10c0045e600] GL_INVALID_FRAMEBUFFER_OPERATION: glClear: Framebuffer is incomplete: Attachment has zero size. @ http://localhost:5173/:0
[  174828ms] [WARNING] [.WebGL-0x10c0045e600] GL_INVALID_FRAMEBUFFER_OPERATION: glDrawArrays: Framebuffer is incomplete: Attachment has zero size. @ http://localhost:5173/:0
[  174828ms] [WARNING] [.WebGL-0x10c0045e600] GL_INVALID_FRAMEBUFFER_OPERATION: glClear: Framebuffer is incomplete: Attachment has zero size. @ http://localhost:5173/:0
[  174828ms] [WARNING] [.WebGL-0x10c0045e600] GL_INVALID_FRAMEBUFFER_OPERATION: glDrawArrays: Framebuffer is incomplete: Attachment has zero size. @ http://localhost:5173/:0
[  174828ms] [WARNING] [.WebGL-0x10c0045e600] GL_INVALID_FRAMEBUFFER_OPERATION: glClear: Framebuffer is incomplete: Attachment has zero size. @ http://localhost:5173/:0
[  174828ms] [WARNING] [.WebGL-0x10c0045e600] GL_INVALID_FRAMEBUFFER_OPERATION: glDrawArrays: Framebuffer is incomplete: Attachment has zero size. @ http://localhost:5173/:0
[  174828ms] [WARNING] [.WebGL-0x10c0045e600] GL_INVALID_FRAMEBUFFER_OPERATION: glClear: Framebuffer is incomplete: Attachment has zero size. @ http://localhost:5173/:0
[  174828ms] [WARNING] [.WebGL-0x10c0045e600] GL_INVALID_FRAMEBUFFER_OPERATION: glDrawArrays: Framebuffer is incomplete: Attachment has zero size. @ http://localhost:5173/:0
[  174828ms] [WARNING] [.WebGL-0x10c0045e600] GL_INVALID_FRAMEBUFFER_OPERATION: glClear: Framebuffer is incomplete: Attachment has zero size. @ http://localhost:5173/:0
[  174828ms] [WARNING] [.WebGL-0x10c0045e600] GL_INVALID_FRAMEBUFFER_OPERATION: glDrawArrays: Framebuffer is incomplete: Attachment has zero size. @ http://localhost:5173/:0
[  174828ms] [WARNING] [.WebGL-0x10c0045e600] GL_INVALID_FRAMEBUFFER_OPERATION: glClear: Framebuffer is incomplete: Attachment has zero size. @ http://localhost:5173/:0
[  174828ms] [WARNING] [.WebGL-0x10c0045e600] GL_INVALID_FRAMEBUFFER_OPERATION: glDrawArrays: Framebuffer is incomplete: Attachment has zero size. @ http://localhost:5173/:0
[  174828ms] [WARNING] [.WebGL-0x10c0045e600] GL_INVALID_FRAMEBUFFER_OPERATION: glClear: Framebuffer is incomplete: Attachment has zero size. @ http://localhost:5173/:0
[  174828ms] [WARNING] [.WebGL-0x10c0045e600] GL_INVALID_FRAMEBUFFER_OPERATION: glDrawArrays: Framebuffer is incomplete: Attachment has zero size. @ http://localhost:5173/:0
[  174828ms] [WARNING] [.WebGL-0x10c0045e600] GL_INVALID_FRAMEBUFFER_OPERATION: glClear: Framebuffer is incomplete: Attachment has zero size. @ http://localhost:5173/:0
[  174828ms] [WARNING] [.WebGL-0x10c0045e600] GL_INVALID_FRAMEBUFFER_OPERATION: glDrawArrays: Framebuffer is incomplete: Attachment has zero size. @ http://localhost:5173/:0
[  174828ms] [WARNING] [.WebGL-0x10c0045e600] GL_INVALID_FRAMEBUFFER_OPERATION: glClear: Framebuffer is incomplete: Attachment has zero size. @ http://localhost:5173/:0
[  174828ms] [WARNING] [.WebGL-0x10c0045e600] GL_INVALID_FRAMEBUFFER_OPERATION: glDrawArrays: Framebuffer is incomplete: Attachment has zero size. @ http://localhost:5173/:0
[  174828ms] [WARNING] [.WebGL-0x10c0045e600] GL_INVALID_FRAMEBUFFER_OPERATION: glDrawArrays: Framebuffer is incomplete: Attachment has zero size. @ http://localhost:5173/:0
[  174830ms] [WARNING] [.WebGL-0x10c0045e600] GL_INVALID_FRAMEBUFFER_OPERATION: glClear: Framebuffer is incomplete: Attachment has zero size. @ http://localhost:5173/:0
[  174830ms] [WARNING] [.WebGL-0x10c0045e600] GL_INVALID_FRAMEBUFFER_OPERATION: glDrawElements: Framebuffer is incomplete: Attachment has zero size. @ http://localhost:5173/:0
[  174830ms] [WARNING] [.WebGL-0x10c0045e600] GL_INVALID_FRAMEBUFFER_OPERATION: glClear: Framebuffer is incomplete: Attachment has zero size. @ http://localhost:5173/:0
[  174830ms] [WARNING] [.WebGL-0x10c0045e600] GL_INVALID_FRAMEBUFFER_OPERATION: glDrawArrays: Framebuffer is incomplete: Attachment has zero size. @ http://localhost:5173/:0
[  174830ms] [WARNING] [.WebGL-0x10c0045e600] GL_INVALID_FRAMEBUFFER_OPERATION: glClear: Framebuffer is incomplete: Attachment has zero size. @ http://localhost:5173/:0
[  174830ms] [WARNING] [.WebGL-0x10c0045e600] GL_INVALID_FRAMEBUFFER_OPERATION: glDrawArrays: Framebuffer is incomplete: Attachment has zero size. @ http://localhost:5173/:0
[  174830ms] [WARNING] [.WebGL-0x10c0045e600] GL_INVALID_FRAMEBUFFER_OPERATION: glClear: Framebuffer is incomplete: Attachment has zero size. @ http://localhost:5173/:0
[  174830ms] [WARNING] [.WebGL-0x10c0045e600] GL_INVALID_FRAMEBUFFER_OPERATION: glDrawArrays: Framebuffer is incomplete: Attachment has zero size. @ http://localhost:5173/:0
[  174830ms] [WARNING] [.WebGL-0x10c0045e600] GL_INVALID_FRAMEBUFFER_OPERATION: glClear: Framebuffer is incomplete: Attachment has zero size. @ http://localhost:5173/:0
[  174830ms] [WARNING] [.WebGL-0x10c0045e600] GL_INVALID_FRAMEBUFFER_OPERATION: glDrawArrays: Framebuffer is incomplete: Attachment has zero size. @ http://localhost:5173/:0
[  174830ms] [WARNING] [.WebGL-0x10c0045e600] GL_INVALID_FRAMEBUFFER_OPERATION: glClear: Framebuffer is incomplete: Attachment has zero size. @ http://localhost:5173/:0
[  174830ms] [WARNING] [.WebGL-0x10c0045e600] GL_INVALID_FRAMEBUFFER_OPERATION: glDrawArrays: Framebuffer is incomplete: Attachment has zero size. @ http://localhost:5173/:0
[  174830ms] [WARNING] [.WebGL-0x10c0045e600] GL_INVALID_FRAMEBUFFER_OPERATION: glClear: Framebuffer is incomplete: Attachment has zero size. @ http://localhost:5173/:0
[  174830ms] [WARNING] [.WebGL-0x10c0045e600] GL_INVALID_FRAMEBUFFER_OPERATION: glDrawArrays: Framebuffer is incomplete: Attachment has zero size. @ http://localhost:5173/:0
[  174830ms] [WARNING] [.WebGL-0x10c0045e600] GL_INVALID_FRAMEBUFFER_OPERATION: glClear: Framebuffer is incomplete: Attachment has zero size. @ http://localhost:5173/:0
[  174830ms] [WARNING] [.WebGL-0x10c0045e600] GL_INVALID_FRAMEBUFFER_OPERATION: glDrawArrays: Framebuffer is incomplete: Attachment has zero size. @ http://localhost:5173/:0
[  174830ms] [WARNING] [.WebGL-0x10c0045e600] GL_INVALID_FRAMEBUFFER_OPERATION: glClear: Framebuffer is incomplete: Attachment has zero size. @ http://localhost:5173/:0
[  174830ms] [WARNING] [.WebGL-0x10c0045e600] GL_INVALID_FRAMEBUFFER_OPERATION: glDrawArrays: Framebuffer is incomplete: Attachment has zero size. @ http://localhost:5173/:0
[  174830ms] [WARNING] [.WebGL-0x10c0045e600] GL_INVALID_FRAMEBUFFER_OPERATION: glClear: Framebuffer is incomplete: Attachment has zero size. @ http://localhost:5173/:0
[  174830ms] [WARNING] [.WebGL-0x10c0045e600] GL_INVALID_FRAMEBUFFER_OPERATION: glDrawArrays: Framebuffer is incomplete: Attachment has zero size. @ http://localhost:5173/:0
[  174830ms] [WARNING] [.WebGL-0x10c0045e600] GL_INVALID_FRAMEBUFFER_OPERATION: glClear: Framebuffer is incomplete: Attachment has zero size. @ http://localhost:5173/:0
[  174830ms] [WARNING] [.WebGL-0x10c0045e600] GL_INVALID_FRAMEBUFFER_OPERATION: glDrawArrays: Framebuffer is incomplete: Attachment has zero size. @ http://localhost:5173/:0
[  174830ms] [WARNING] [.WebGL-0x10c0045e600] GL_INVALID_FRAMEBUFFER_OPERATION: glClear: Framebuffer is incomplete: Attachment has zero size. @ http://localhost:5173/:0
[  174830ms] [WARNING] [.WebGL-0x10c0045e600] GL_INVALID_FRAMEBUFFER_OPERATION: glDrawArrays: Framebuffer is incomplete: Attachment has zero size. @ http://localhost:5173/:0
[  174830ms] [WARNING] [.WebGL-0x10c0045e600] GL_INVALID_FRAMEBUFFER_OPERATION: glClear: Framebuffer is incomplete: Attachment has zero size. @ http://localhost:5173/:0
[  174830ms] [WARNING] [.WebGL-0x10c0045e600] GL_INVALID_FRAMEBUFFER_OPERATION: glDrawArrays: Framebuffer is incomplete: Attachment has zero size. @ http://localhost:5173/:0
[  174830ms] [WARNING] [.WebGL-0x10c0045e600] GL_INVALID_FRAMEBUFFER_OPERATION: glDrawArrays: Framebuffer is incomplete: Attachment has zero size. @ http://localhost:5173/:0
[  174830ms] [WARNING] [.WebGL-0x10c0045e600] GL_INVALID_FRAMEBUFFER_OPERATION: glClear: Framebuffer is incomplete: Attachment has zero size. @ http://localhost:5173/:0
[  174830ms] [WARNING] [.WebGL-0x10c0045e600] GL_INVALID_FRAMEBUFFER_OPERATION: glDrawElements: Framebuffer is incomplete: Attachment has zero size. @ http://localhost:5173/:0
[  174830ms] [WARNING] [.WebGL-0x10c0045e600] GL_INVALID_FRAMEBUFFER_OPERATION: glClear: Framebuffer is incomplete: Attachment has zero size. @ http://localhost:5173/:0
[  174830ms] [WARNING] [.WebGL-0x10c0045e600] GL_INVALID_FRAMEBUFFER_OPERATION: glDrawArrays: Framebuffer is incomplete: Attachment has zero size. @ http://localhost:5173/:0
[  174830ms] [WARNING] [.WebGL-0x10c0045e600] GL_INVALID_FRAMEBUFFER_OPERATION: glClear: Framebuffer is incomplete: Attachment has zero size. @ http://localhost:5173/:0
[  174830ms] [WARNING] [.WebGL-0x10c0045e600] GL_INVALID_FRAMEBUFFER_OPERATION: glDrawArrays: Framebuffer is incomplete: Attachment has zero size. @ http://localhost:5173/:0
[  174830ms] [WARNING] [.WebGL-0x10c0045e600] GL_INVALID_FRAMEBUFFER_OPERATION: glClear: Framebuffer is incomplete: Attachment has zero size. @ http://localhost:5173/:0
[  174830ms] [WARNING] [.WebGL-0x10c0045e600] GL_INVALID_FRAMEBUFFER_OPERATION: glDrawArrays: Framebuffer is incomplete: Attachment has zero size. @ http://localhost:5173/:0
[  174830ms] [WARNING] [.WebGL-0x10c0045e600] GL_INVALID_FRAMEBUFFER_OPERATION: glClear: Framebuffer is incomplete: Attachment has zero size. @ http://localhost:5173/:0
[  174830ms] [WARNING] [.WebGL-0x10c0045e600] GL_INVALID_FRAMEBUFFER_OPERATION: glDrawArrays: Framebuffer is incomplete: Attachment has zero size. @ http://localhost:5173/:0
[  174830ms] [WARNING] [.WebGL-0x10c0045e600] GL_INVALID_FRAMEBUFFER_OPERATION: glClear: Framebuffer is incomplete: Attachment has zero size. @ http://localhost:5173/:0
[  174830ms] [WARNING] [.WebGL-0x10c0045e600] GL_INVALID_FRAMEBUFFER_OPERATION: glDrawArrays: Framebuffer is incomplete: Attachment has zero size. @ http://localhost:5173/:0
[  174830ms] [WARNING] [.WebGL-0x10c0045e600] GL_INVALID_FRAMEBUFFER_OPERATION: glClear: Framebuffer is incomplete: Attachment has zero size. @ http://localhost:5173/:0
[  174830ms] [WARNING] [.WebGL-0x10c0045e600] GL_INVALID_FRAMEBUFFER_OPERATION: glDrawArrays: Framebuffer is incomplete: Attachment has zero size. @ http://localhost:5173/:0
[  174830ms] [WARNING] [.WebGL-0x10c0045e600] GL_INVALID_FRAMEBUFFER_OPERATION: glClear: Framebuffer is incomplete: Attachment has zero size. @ http://localhost:5173/:0
[  174830ms] [WARNING] [.WebGL-0x10c0045e600] GL_INVALID_FRAMEBUFFER_OPERATION: glDrawArrays: Framebuffer is incomplete: Attachment has zero size. @ http://localhost:5173/:0
[  174830ms] [WARNING] [.WebGL-0x10c0045e600] GL_INVALID_FRAMEBUFFER_OPERATION: glClear: Framebuffer is incomplete: Attachment has zero size. @ http://localhost:5173/:0
[  174830ms] [WARNING] [.WebGL-0x10c0045e600] GL_INVALID_FRAMEBUFFER_OPERATION: glDrawArrays: Framebuffer is incomplete: Attachment has zero size. @ http://localhost:5173/:0
[  174830ms] [WARNING] [.WebGL-0x10c0045e600] GL_INVALID_FRAMEBUFFER_OPERATION: glClear: Framebuffer is incomplete: Attachment has zero size. @ http://localhost:5173/:0
[  174830ms] [WARNING] [.WebGL-0x10c0045e600] GL_INVALID_FRAMEBUFFER_OPERATION: glDrawArrays: Framebuffer is incomplete: Attachment has zero size. @ http://localhost:5173/:0
[  174830ms] [WARNING] [.WebGL-0x10c0045e600] GL_INVALID_FRAMEBUFFER_OPERATION: glClear: Framebuffer is incomplete: Attachment has zero size. @ http://localhost:5173/:0
[  174830ms] [WARNING] [.WebGL-0x10c0045e600] GL_INVALID_FRAMEBUFFER_OPERATION: glDrawArrays: Framebuffer is incomplete: Attachment has zero size. @ http://localhost:5173/:0
[  174830ms] [WARNING] [.WebGL-0x10c0045e600] GL_INVALID_FRAMEBUFFER_OPERATION: glClear: Framebuffer is incomplete: Attachment has zero size. @ http://localhost:5173/:0
[  174830ms] [WARNING] [.WebGL-0x10c0045e600] GL_INVALID_FRAMEBUFFER_OPERATION: glDrawArrays: Framebuffer is incomplete: Attachment has zero size. @ http://localhost:5173/:0
[  174830ms] [WARNING] [.WebGL-0x10c0045e600] GL_INVALID_FRAMEBUFFER_OPERATION: glClear: Framebuffer is incomplete: Attachment has zero size. @ http://localhost:5173/:0
[  174830ms] [WARNING] [.WebGL-0x10c0045e600] GL_INVALID_FRAMEBUFFER_OPERATION: glDrawArrays: Framebuffer is incomplete: Attachment has zero size. @ http://localhost:5173/:0
[  174830ms] [WARNING] [.WebGL-0x10c0045e600] GL_INVALID_FRAMEBUFFER_OPERATION: glDrawArrays: Framebuffer is incomplete: Attachment has zero size. @ http://localhost:5173/:0
[  174833ms] [WARNING] [.WebGL-0x10c0045e600] GL_INVALID_FRAMEBUFFER_OPERATION: glClear: Framebuffer is incomplete: Attachment has zero size. @ http://localhost:5173/:0
[  174833ms] [WARNING] [.WebGL-0x10c0045e600] GL_INVALID_FRAMEBUFFER_OPERATION: glDrawElements: Framebuffer is incomplete: Attachment has zero size. @ http://localhost:5173/:0
[  174833ms] [WARNING] [.WebGL-0x10c0045e600] GL_INVALID_FRAMEBUFFER_OPERATION: glClear: Framebuffer is incomplete: Attachment has zero size. @ http://localhost:5173/:0
[  174833ms] [WARNING] [.WebGL-0x10c0045e600] GL_INVALID_FRAMEBUFFER_OPERATION: glDrawArrays: Framebuffer is incomplete: Attachment has zero size. @ http://localhost:5173/:0
[  174833ms] [WARNING] [.WebGL-0x10c0045e600] GL_INVALID_FRAMEBUFFER_OPERATION: glClear: Framebuffer is incomplete: Attachment has zero size. @ http://localhost:5173/:0
[  174833ms] [WARNING] [.WebGL-0x10c0045e600] GL_INVALID_FRAMEBUFFER_OPERATION: glDrawArrays: Framebuffer is incomplete: Attachment has zero size. @ http://localhost:5173/:0
[  174833ms] [WARNING] [.WebGL-0x10c0045e600] GL_INVALID_FRAMEBUFFER_OPERATION: glClear: Framebuffer is incomplete: Attachment has zero size. @ http://localhost:5173/:0
[  174833ms] [WARNING] [.WebGL-0x10c0045e600] GL_INVALID_FRAMEBUFFER_OPERATION: glDrawArrays: Framebuffer is incomplete: Attachment has zero size. @ http://localhost:5173/:0
[  174833ms] [WARNING] [.WebGL-0x10c0045e600] GL_INVALID_FRAMEBUFFER_OPERATION: glClear: Framebuffer is incomplete: Attachment has zero size. @ http://localhost:5173/:0
[  174833ms] [WARNING] [.WebGL-0x10c0045e600] GL_INVALID_FRAMEBUFFER_OPERATION: glDrawArrays: Framebuffer is incomplete: Attachment has zero size. @ http://localhost:5173/:0
[  174833ms] [WARNING] [.WebGL-0x10c0045e600] GL_INVALID_FRAMEBUFFER_OPERATION: glClear: Framebuffer is incomplete: Attachment has zero size. @ http://localhost:5173/:0
[  174833ms] [WARNING] [.WebGL-0x10c0045e600] GL_INVALID_FRAMEBUFFER_OPERATION: glDrawArrays: Framebuffer is incomplete: Attachment has zero size. @ http://localhost:5173/:0
[  174833ms] [WARNING] [.WebGL-0x10c0045e600] GL_INVALID_FRAMEBUFFER_OPERATION: glClear: Framebuffer is incomplete: Attachment has zero size. @ http://localhost:5173/:0
[  174833ms] [WARNING] [.WebGL-0x10c0045e600] GL_INVALID_FRAMEBUFFER_OPERATION: glDrawArrays: Framebuffer is incomplete: Attachment has zero size. @ http://localhost:5173/:0
[  174833ms] [WARNING] [.WebGL-0x10c0045e600] GL_INVALID_FRAMEBUFFER_OPERATION: glClear: Framebuffer is incomplete: Attachment has zero size. @ http://localhost:5173/:0
[  174833ms] [WARNING] [.WebGL-0x10c0045e600] GL_INVALID_FRAMEBUFFER_OPERATION: glDrawArrays: Framebuffer is incomplete: Attachment has zero size. @ http://localhost:5173/:0
[  174833ms] [WARNING] [.WebGL-0x10c0045e600] GL_INVALID_FRAMEBUFFER_OPERATION: glClear: Framebuffer is incomplete: Attachment has zero size. @ http://localhost:5173/:0
[  174833ms] [WARNING] [.WebGL-0x10c0045e600] GL_INVALID_FRAMEBUFFER_OPERATION: glDrawArrays: Framebuffer is incomplete: Attachment has zero size. @ http://localhost:5173/:0
[  174833ms] [WARNING] [.WebGL-0x10c0045e600] GL_INVALID_FRAMEBUFFER_OPERATION: glClear: Framebuffer is incomplete: Attachment has zero size. @ http://localhost:5173/:0
[  174833ms] [WARNING] [.WebGL-0x10c0045e600] GL_INVALID_FRAMEBUFFER_OPERATION: glDrawArrays: Framebuffer is incomplete: Attachment has zero size. @ http://localhost:5173/:0
[  174833ms] [WARNING] [.WebGL-0x10c0045e600] GL_INVALID_FRAMEBUFFER_OPERATION: glClear: Framebuffer is incomplete: Attachment has zero size. @ http://localhost:5173/:0
[  174833ms] [WARNING] [.WebGL-0x10c0045e600] GL_INVALID_FRAMEBUFFER_OPERATION: glDrawArrays: Framebuffer is incomplete: Attachment has zero size. @ http://localhost:5173/:0
[  174833ms] [WARNING] [.WebGL-0x10c0045e600] GL_INVALID_FRAMEBUFFER_OPERATION: glClear: Framebuffer is incomplete: Attachment has zero size. @ http://localhost:5173/:0
[  174833ms] [WARNING] [.WebGL-0x10c0045e600] GL_INVALID_FRAMEBUFFER_OPERATION: glDrawArrays: Framebuffer is incomplete: Attachment has zero size. @ http://localhost:5173/:0
[  174833ms] [WARNING] [.WebGL-0x10c0045e600] GL_INVALID_FRAMEBUFFER_OPERATION: glClear: Framebuffer is incomplete: Attachment has zero size. @ http://localhost:5173/:0
[  174833ms] [WARNING] [.WebGL-0x10c0045e600] GL_INVALID_FRAMEBUFFER_OPERATION: glDrawArrays: Framebuffer is incomplete: Attachment has zero size. @ http://localhost:5173/:0
[  174833ms] [WARNING] [.WebGL-0x10c0045e600] GL_INVALID_FRAMEBUFFER_OPERATION: glDrawArrays: Framebuffer is incomplete: Attachment has zero size. @ http://localhost:5173/:0
[  174837ms] [WARNING] [.WebGL-0x10c0045e600] GL_INVALID_FRAMEBUFFER_OPERATION: glClear: Framebuffer is incomplete: Attachment has zero size. @ http://localhost:5173/:0
[  174837ms] [WARNING] [.WebGL-0x10c0045e600] GL_INVALID_FRAMEBUFFER_OPERATION: glDrawElements: Framebuffer is incomplete: Attachment has zero size. @ http://localhost:5173/:0
[  174837ms] [WARNING] [.WebGL-0x10c0045e600] GL_INVALID_FRAMEBUFFER_OPERATION: glClear: Framebuffer is incomplete: Attachment has zero size. @ http://localhost:5173/:0
[  174837ms] [WARNING] [.WebGL-0x10c0045e600] GL_INVALID_FRAMEBUFFER_OPERATION: glDrawArrays: Framebuffer is incomplete: Attachment has zero size. @ http://localhost:5173/:0
[  174837ms] [WARNING] [.WebGL-0x10c0045e600] GL_INVALID_FRAMEBUFFER_OPERATION: glClear: Framebuffer is incomplete: Attachment has zero size. @ http://localhost:5173/:0
[  174837ms] [WARNING] [.WebGL-0x10c0045e600] GL_INVALID_FRAMEBUFFER_OPERATION: glDrawArrays: Framebuffer is incomplete: Attachment has zero size. @ http://localhost:5173/:0
[  174837ms] [WARNING] [.WebGL-0x10c0045e600] GL_INVALID_FRAMEBUFFER_OPERATION: glClear: Framebuffer is incomplete: Attachment has zero size. @ http://localhost:5173/:0
[  174837ms] [WARNING] [.WebGL-0x10c0045e600] GL_INVALID_FRAMEBUFFER_OPERATION: glDrawArrays: Framebuffer is incomplete: Attachment has zero size. @ http://localhost:5173/:0
[  174837ms] [WARNING] [.WebGL-0x10c0045e600] GL_INVALID_FRAMEBUFFER_OPERATION: glClear: Framebuffer is incomplete: Attachment has zero size. @ http://localhost:5173/:0
[  174837ms] [WARNING] [.WebGL-0x10c0045e600] GL_INVALID_FRAMEBUFFER_OPERATION: glDrawArrays: Framebuffer is incomplete: Attachment has zero size. @ http://localhost:5173/:0
[  174837ms] [WARNING] [.WebGL-0x10c0045e600] GL_INVALID_FRAMEBUFFER_OPERATION: glClear: Framebuffer is incomplete: Attachment has zero size. @ http://localhost:5173/:0
[  174837ms] [WARNING] [.WebGL-0x10c0045e600] GL_INVALID_FRAMEBUFFER_OPERATION: glDrawArrays: Framebuffer is incomplete: Attachment has zero size. @ http://localhost:5173/:0
[  174837ms] [WARNING] [.WebGL-0x10c0045e600] GL_INVALID_FRAMEBUFFER_OPERATION: glClear: Framebuffer is incomplete: Attachment has zero size. @ http://localhost:5173/:0
[  174837ms] [WARNING] [.WebGL-0x10c0045e600] GL_INVALID_FRAMEBUFFER_OPERATION: glDrawArrays: Framebuffer is incomplete: Attachment has zero size. @ http://localhost:5173/:0
[  174837ms] [WARNING] [.WebGL-0x10c0045e600] GL_INVALID_FRAMEBUFFER_OPERATION: glClear: Framebuffer is incomplete: Attachment has zero size. @ http://localhost:5173/:0
[  174837ms] [WARNING] [.WebGL-0x10c0045e600] GL_INVALID_FRAMEBUFFER_OPERATION: glDrawArrays: Framebuffer is incomplete: Attachment has zero size. @ http://localhost:5173/:0
[  174837ms] [WARNING] [.WebGL-0x10c0045e600] GL_INVALID_FRAMEBUFFER_OPERATION: glClear: Framebuffer is incomplete: Attachment has zero size. @ http://localhost:5173/:0
[  174837ms] [WARNING] [.WebGL-0x10c0045e600] GL_INVALID_FRAMEBUFFER_OPERATION: glDrawArrays: Framebuffer is incomplete: Attachment has zero size. @ http://localhost:5173/:0
[  174837ms] [WARNING] [.WebGL-0x10c0045e600] GL_INVALID_FRAMEBUFFER_OPERATION: glClear: Framebuffer is incomplete: Attachment has zero size. @ http://localhost:5173/:0
[  174837ms] [WARNING] [.WebGL-0x10c0045e600] GL_INVALID_FRAMEBUFFER_OPERATION: glDrawArrays: Framebuffer is incomplete: Attachment has zero size. @ http://localhost:5173/:0
[  174837ms] [WARNING] [.WebGL-0x10c0045e600] GL_INVALID_FRAMEBUFFER_OPERATION: glClear: Framebuffer is incomplete: Attachment has zero size. @ http://localhost:5173/:0
[  174837ms] [WARNING] [.WebGL-0x10c0045e600] GL_INVALID_FRAMEBUFFER_OPERATION: glDrawArrays: Framebuffer is incomplete: Attachment has zero size. @ http://localhost:5173/:0
[  174837ms] [WARNING] [.WebGL-0x10c0045e600] GL_INVALID_FRAMEBUFFER_OPERATION: glClear: Framebuffer is incomplete: Attachment has zero size. @ http://localhost:5173/:0
[  174837ms] [WARNING] [.WebGL-0x10c0045e600] GL_INVALID_FRAMEBUFFER_OPERATION: glDrawArrays: Framebuffer is incomplete: Attachment has zero size. @ http://localhost:5173/:0
[  174837ms] [WARNING] [.WebGL-0x10c0045e600] GL_INVALID_FRAMEBUFFER_OPERATION: glClear: Framebuffer is incomplete: Attachment has zero size. @ http://localhost:5173/:0
[  174837ms] [WARNING] [.WebGL-0x10c0045e600] GL_INVALID_FRAMEBUFFER_OPERATION: glDrawArrays: Framebuffer is incomplete: Attachment has zero size. @ http://localhost:5173/:0
[  174837ms] [WARNING] [.WebGL-0x10c0045e600] GL_INVALID_FRAMEBUFFER_OPERATION: glDrawArrays: Framebuffer is incomplete: Attachment has zero size. @ http://localhost:5173/:0
[  174972ms] [WARNING] [.WebGL-0x10c00456200] GL_INVALID_FRAMEBUFFER_OPERATION: glClear: Framebuffer is incomplete: Attachment has zero size. @ http://localhost:5173/:0
[  174972ms] [WARNING] [.WebGL-0x10c00456200] GL_INVALID_FRAMEBUFFER_OPERATION: glClear: Framebuffer is incomplete: Attachment has zero size. @ http://localhost:5173/:0
[  174972ms] [WARNING] [.WebGL-0x10c00456200] GL_INVALID_FRAMEBUFFER_OPERATION: glDrawArrays: Framebuffer is incomplete: Attachment has zero size. @ http://localhost:5173/:0
[  174972ms] [WARNING] [.WebGL-0x10c00456200] GL_INVALID_FRAMEBUFFER_OPERATION: glClear: Framebuffer is incomplete: Attachment has zero size. @ http://localhost:5173/:0
[  174972ms] [WARNING] [.WebGL-0x10c00456200] GL_INVALID_FRAMEBUFFER_OPERATION: glDrawArrays: Framebuffer is incomplete: Attachment has zero size. @ http://localhost:5173/:0
[  174972ms] [WARNING] [.WebGL-0x10c00456200] GL_INVALID_FRAMEBUFFER_OPERATION: glClear: Framebuffer is incomplete: Attachment has zero size. @ http://localhost:5173/:0
[  174972ms] [WARNING] [.WebGL-0x10c00456200] GL_INVALID_FRAMEBUFFER_OPERATION: glDrawArrays: Framebuffer is incomplete: Attachment has zero size. @ http://localhost:5173/:0
[  174972ms] [WARNING] [.WebGL-0x10c00456200] GL_INVALID_FRAMEBUFFER_OPERATION: glClear: Framebuffer is incomplete: Attachment has zero size. @ http://localhost:5173/:0
[  174972ms] [WARNING] [.WebGL-0x10c00456200] GL_INVALID_FRAMEBUFFER_OPERATION: glDrawArrays: Framebuffer is incomplete: Attachment has zero size. @ http://localhost:5173/:0
[  174972ms] [WARNING] [.WebGL-0x10c00456200] GL_INVALID_FRAMEBUFFER_OPERATION: glClear: Framebuffer is incomplete: Attachment has zero size. @ http://localhost:5173/:0
[  174972ms] [WARNING] [.WebGL-0x10c00456200] GL_INVALID_FRAMEBUFFER_OPERATION: glDrawArrays: Framebuffer is incomplete: Attachment has zero size. @ http://localhost:5173/:0
[  174972ms] [WARNING] [.WebGL-0x10c00456200] GL_INVALID_FRAMEBUFFER_OPERATION: glClear: Framebuffer is incomplete: Attachment has zero size. @ http://localhost:5173/:0
[  174972ms] [WARNING] [.WebGL-0x10c00456200] GL_INVALID_FRAMEBUFFER_OPERATION: glDrawArrays: Framebuffer is incomplete: Attachment has zero size. @ http://localhost:5173/:0
[  174972ms] [WARNING] [.WebGL-0x10c00456200] GL_INVALID_FRAMEBUFFER_OPERATION: glClear: Framebuffer is incomplete: Attachment has zero size. @ http://localhost:5173/:0
[  174972ms] [WARNING] [.WebGL-0x10c00456200] GL_INVALID_FRAMEBUFFER_OPERATION: glDrawArrays: Framebuffer is incomplete: Attachment has zero size. @ http://localhost:5173/:0
[  174972ms] [WARNING] [.WebGL-0x10c00456200] GL_INVALID_FRAMEBUFFER_OPERATION: glClear: Framebuffer is incomplete: Attachment has zero size. @ http://localhost:5173/:0
[  174972ms] [WARNING] [.WebGL-0x10c00456200] GL_INVALID_FRAMEBUFFER_OPERATION: glDrawArrays: Framebuffer is incomplete: Attachment has zero size. @ http://localhost:5173/:0
[  174972ms] [WARNING] [.WebGL-0x10c00456200] GL_INVALID_FRAMEBUFFER_OPERATION: glClear: Framebuffer is incomplete: Attachment has zero size. @ http://localhost:5173/:0
[  174972ms] [WARNING] [.WebGL-0x10c00456200] GL_INVALID_FRAMEBUFFER_OPERATION: glDrawArrays: Framebuffer is incomplete: Attachment has zero size. @ http://localhost:5173/:0
[  174972ms] [WARNING] [.WebGL-0x10c00456200] GL_INVALID_FRAMEBUFFER_OPERATION: glClear: Framebuffer is incomplete: Attachment has zero size. @ http://localhost:5173/:0
[  174972ms] [WARNING] [.WebGL-0x10c00456200] GL_INVALID_FRAMEBUFFER_OPERATION: glDrawArrays: Framebuffer is incomplete: Attachment has zero size. @ http://localhost:5173/:0
[  174972ms] [WARNING] [.WebGL-0x10c00456200] GL_INVALID_FRAMEBUFFER_OPERATION: glClear: Framebuffer is incomplete: Attachment has zero size. @ http://localhost:5173/:0
[  174972ms] [WARNING] [.WebGL-0x10c00456200] GL_INVALID_FRAMEBUFFER_OPERATION: glDrawArrays: Framebuffer is incomplete: Attachment has zero size. @ http://localhost:5173/:0
[  174972ms] [WARNING] [.WebGL-0x10c00456200] GL_INVALID_FRAMEBUFFER_OPERATION: glClear: Framebuffer is incomplete: Attachment has zero size. @ http://localhost:5173/:0
[  174972ms] [WARNING] [.WebGL-0x10c00456200] GL_INVALID_FRAMEBUFFER_OPERATION: glDrawArrays: Framebuffer is incomplete: Attachment has zero size. @ http://localhost:5173/:0
[  174973ms] [WARNING] [.WebGL-0x10c00456200] GL_INVALID_FRAMEBUFFER_OPERATION: glDrawArrays: Framebuffer is incomplete: Attachment has zero size. @ http://localhost:5173/:0
[  174976ms] [WARNING] [.WebGL-0x10c00456200] GL_INVALID_FRAMEBUFFER_OPERATION: glClear: Framebuffer is incomplete: Attachment has zero size. @ http://localhost:5173/:0
[  174976ms] [WARNING] [.WebGL-0x10c00456200] GL_INVALID_FRAMEBUFFER_OPERATION: glClear: Framebuffer is incomplete: Attachment has zero size. @ http://localhost:5173/:0
[  174976ms] [WARNING] [.WebGL-0x10c00456200] GL_INVALID_FRAMEBUFFER_OPERATION: glDrawArrays: Framebuffer is incomplete: Attachment has zero size. @ http://localhost:5173/:0
[  174976ms] [WARNING] [.WebGL-0x10c00456200] GL_INVALID_FRAMEBUFFER_OPERATION: glClear: Framebuffer is incomplete: Attachment has zero size. @ http://localhost:5173/:0
[  174976ms] [WARNING] [.WebGL-0x10c00456200] GL_INVALID_FRAMEBUFFER_OPERATION: glDrawArrays: Framebuffer is incomplete: Attachment has zero size. @ http://localhost:5173/:0
[  174976ms] [WARNING] [.WebGL-0x10c00456200] GL_INVALID_FRAMEBUFFER_OPERATION: glClear: Framebuffer is incomplete: Attachment has zero size. @ http://localhost:5173/:0
[  174976ms] [WARNING] [.WebGL-0x10c00456200] GL_INVALID_FRAMEBUFFER_OPERATION: glDrawArrays: Framebuffer is incomplete: Attachment has zero size. @ http://localhost:5173/:0
[  174976ms] [WARNING] [.WebGL-0x10c00456200] GL_INVALID_FRAMEBUFFER_OPERATION: glClear: Framebuffer is incomplete: Attachment has zero size. @ http://localhost:5173/:0
[  174976ms] [WARNING] [.WebGL-0x10c00456200] GL_INVALID_FRAMEBUFFER_OPERATION: glDrawArrays: Framebuffer is incomplete: Attachment has zero size. @ http://localhost:5173/:0
[  174976ms] [WARNING] [.WebGL-0x10c00456200] GL_INVALID_FRAMEBUFFER_OPERATION: glClear: Framebuffer is incomplete: Attachment has zero size. @ http://localhost:5173/:0
[  174976ms] [WARNING] [.WebGL-0x10c00456200] GL_INVALID_FRAMEBUFFER_OPERATION: glDrawArrays: Framebuffer is incomplete: Attachment has zero size. @ http://localhost:5173/:0
[  174976ms] [WARNING] [.WebGL-0x10c00456200] GL_INVALID_FRAMEBUFFER_OPERATION: glClear: Framebuffer is incomplete: Attachment has zero size. @ http://localhost:5173/:0
[  174976ms] [WARNING] [.WebGL-0x10c00456200] GL_INVALID_FRAMEBUFFER_OPERATION: glDrawArrays: Framebuffer is incomplete: Attachment has zero size. @ http://localhost:5173/:0
[  174976ms] [WARNING] [.WebGL-0x10c00456200] GL_INVALID_FRAMEBUFFER_OPERATION: glClear: Framebuffer is incomplete: Attachment has zero size. @ http://localhost:5173/:0
[  174976ms] [WARNING] [.WebGL-0x10c00456200] GL_INVALID_FRAMEBUFFER_OPERATION: glDrawArrays: Framebuffer is incomplete: Attachment has zero size. @ http://localhost:5173/:0
[  174976ms] [WARNING] [.WebGL-0x10c00456200] GL_INVALID_FRAMEBUFFER_OPERATION: glClear: Framebuffer is incomplete: Attachment has zero size. @ http://localhost:5173/:0
[  174976ms] [WARNING] [.WebGL-0x10c00456200] GL_INVALID_FRAMEBUFFER_OPERATION: glDrawArrays: Framebuffer is incomplete: Attachment has zero size. @ http://localhost:5173/:0
[  174976ms] [WARNING] [.WebGL-0x10c00456200] GL_INVALID_FRAMEBUFFER_OPERATION: glClear: Framebuffer is incomplete: Attachment has zero size. @ http://localhost:5173/:0
[  174976ms] [WARNING] [.WebGL-0x10c00456200] GL_INVALID_FRAMEBUFFER_OPERATION: glDrawArrays: Framebuffer is incomplete: Attachment has zero size. @ http://localhost:5173/:0
[  174976ms] [WARNING] [.WebGL-0x10c00456200] GL_INVALID_FRAMEBUFFER_OPERATION: glClear: Framebuffer is incomplete: Attachment has zero size. @ http://localhost:5173/:0
[  174976ms] [WARNING] [.WebGL-0x10c00456200] GL_INVALID_FRAMEBUFFER_OPERATION: glDrawArrays: Framebuffer is incomplete: Attachment has zero size. @ http://localhost:5173/:0
[  174976ms] [WARNING] [.WebGL-0x10c00456200] GL_INVALID_FRAMEBUFFER_OPERATION: glClear: Framebuffer is incomplete: Attachment has zero size. @ http://localhost:5173/:0
[  174976ms] [WARNING] [.WebGL-0x10c00456200] GL_INVALID_FRAMEBUFFER_OPERATION: glDrawArrays: Framebuffer is incomplete: Attachment has zero size. @ http://localhost:5173/:0
[  174976ms] [WARNING] [.WebGL-0x10c00456200] GL_INVALID_FRAMEBUFFER_OPERATION: glClear: Framebuffer is incomplete: Attachment has zero size. @ http://localhost:5173/:0
[  174976ms] [WARNING] [.WebGL-0x10c00456200] GL_INVALID_FRAMEBUFFER_OPERATION: glDrawArrays: Framebuffer is incomplete: Attachment has zero size. @ http://localhost:5173/:0
[  174976ms] [WARNING] [.WebGL-0x10c00456200] GL_INVALID_FRAMEBUFFER_OPERATION: glDrawArrays: Framebuffer is incomplete: Attachment has zero size. @ http://localhost:5173/:0
[  175043ms] [WARNING] [.WebGL-0x10c00456200] GL_INVALID_FRAMEBUFFER_OPERATION: glClear: Framebuffer is incomplete: Attachment has zero size. @ http://localhost:5173/:0
[  175043ms] [WARNING] [.WebGL-0x10c00456200] GL_INVALID_FRAMEBUFFER_OPERATION: glClear: Framebuffer is incomplete: Attachment has zero size. @ http://localhost:5173/:0
[  175043ms] [WARNING] [.WebGL-0x10c00456200] GL_INVALID_FRAMEBUFFER_OPERATION: glDrawArrays: Framebuffer is incomplete: Attachment has zero size. @ http://localhost:5173/:0
[  175043ms] [WARNING] [.WebGL-0x10c00456200] GL_INVALID_FRAMEBUFFER_OPERATION: glClear: Framebuffer is incomplete: Attachment has zero size. @ http://localhost:5173/:0
[  175043ms] [WARNING] [.WebGL-0x10c00456200] GL_INVALID_FRAMEBUFFER_OPERATION: glDrawArrays: Framebuffer is incomplete: Attachment has zero size. @ http://localhost:5173/:0
[  175043ms] [WARNING] [.WebGL-0x10c00456200] GL_INVALID_FRAMEBUFFER_OPERATION: glClear: Framebuffer is incomplete: Attachment has zero size. @ http://localhost:5173/:0
[  175043ms] [WARNING] [.WebGL-0x10c00456200] GL_INVALID_FRAMEBUFFER_OPERATION: glDrawArrays: Framebuffer is incomplete: Attachment has zero size. @ http://localhost:5173/:0
[  175043ms] [WARNING] [.WebGL-0x10c00456200] GL_INVALID_FRAMEBUFFER_OPERATION: glClear: Framebuffer is incomplete: Attachment has zero size. @ http://localhost:5173/:0
[  175043ms] [WARNING] [.WebGL-0x10c00456200] GL_INVALID_FRAMEBUFFER_OPERATION: glDrawArrays: Framebuffer is incomplete: Attachment has zero size. @ http://localhost:5173/:0
[  175043ms] [WARNING] [.WebGL-0x10c00456200] GL_INVALID_FRAMEBUFFER_OPERATION: glClear: Framebuffer is incomplete: Attachment has zero size. @ http://localhost:5173/:0
[  175043ms] [WARNING] [.WebGL-0x10c00456200] GL_INVALID_FRAMEBUFFER_OPERATION: glDrawArrays: Framebuffer is incomplete: Attachment has zero size. @ http://localhost:5173/:0
[  175043ms] [WARNING] [.WebGL-0x10c00456200] GL_INVALID_FRAMEBUFFER_OPERATION: glClear: Framebuffer is incomplete: Attachment has zero size. @ http://localhost:5173/:0
[  175043ms] [WARNING] [.WebGL-0x10c00456200] GL_INVALID_FRAMEBUFFER_OPERATION: glDrawArrays: Framebuffer is incomplete: Attachment has zero size. @ http://localhost:5173/:0
[  175043ms] [WARNING] [.WebGL-0x10c00456200] GL_INVALID_FRAMEBUFFER_OPERATION: glClear: Framebuffer is incomplete: Attachment has zero size. @ http://localhost:5173/:0
[  175043ms] [WARNING] [.WebGL-0x10c00456200] GL_INVALID_FRAMEBUFFER_OPERATION: glDrawArrays: Framebuffer is incomplete: Attachment has zero size. @ http://localhost:5173/:0
[  175043ms] [WARNING] [.WebGL-0x10c00456200] GL_INVALID_FRAMEBUFFER_OPERATION: glClear: Framebuffer is incomplete: Attachment has zero size. @ http://localhost:5173/:0
[  175043ms] [WARNING] [.WebGL-0x10c00456200] GL_INVALID_FRAMEBUFFER_OPERATION: glDrawArrays: Framebuffer is incomplete: Attachment has zero size. @ http://localhost:5173/:0
[  175043ms] [WARNING] [.WebGL-0x10c00456200] GL_INVALID_FRAMEBUFFER_OPERATION: glClear: Framebuffer is incomplete: Attachment has zero size. @ http://localhost:5173/:0
[  175043ms] [WARNING] [.WebGL-0x10c00456200] GL_INVALID_FRAMEBUFFER_OPERATION: glDrawArrays: Framebuffer is incomplete: Attachment has zero size. @ http://localhost:5173/:0
[  175043ms] [WARNING] [.WebGL-0x10c00456200] GL_INVALID_FRAMEBUFFER_OPERATION: glClear: Framebuffer is incomplete: Attachment has zero size. @ http://localhost:5173/:0
[  175043ms] [WARNING] [.WebGL-0x10c00456200] GL_INVALID_FRAMEBUFFER_OPERATION: glDrawArrays: Framebuffer is incomplete: Attachment has zero size. @ http://localhost:5173/:0
[  175043ms] [WARNING] [.WebGL-0x10c00456200] GL_INVALID_FRAMEBUFFER_OPERATION: glClear: Framebuffer is incomplete: Attachment has zero size. @ http://localhost:5173/:0
[  175043ms] [WARNING] [.WebGL-0x10c00456200] GL_INVALID_FRAMEBUFFER_OPERATION: glDrawArrays: Framebuffer is incomplete: Attachment has zero size. @ http://localhost:5173/:0
[  175043ms] [WARNING] [.WebGL-0x10c00456200] GL_INVALID_FRAMEBUFFER_OPERATION: glClear: Framebuffer is incomplete: Attachment has zero size. @ http://localhost:5173/:0
[  175043ms] [WARNING] [.WebGL-0x10c00456200] GL_INVALID_FRAMEBUFFER_OPERATION: glDrawArrays: Framebuffer is incomplete: Attachment has zero size. @ http://localhost:5173/:0
[  175043ms] [WARNING] [.WebGL-0x10c00456200] GL_INVALID_FRAMEBUFFER_OPERATION: glDrawArrays: Framebuffer is incomplete: Attachment has zero size. @ http://localhost:5173/:0
[  175060ms] [WARNING] [.WebGL-0x10c00456200] GL_INVALID_FRAMEBUFFER_OPERATION: glClear: Framebuffer is incomplete: Attachment has zero size. @ http://localhost:5173/:0
[  175060ms] [WARNING] [.WebGL-0x10c00456200] GL_INVALID_FRAMEBUFFER_OPERATION: glDrawElements: Framebuffer is incomplete: Attachment has zero size. @ http://localhost:5173/:0
[  175060ms] [WARNING] [.WebGL-0x10c00456200] GL_INVALID_FRAMEBUFFER_OPERATION: glClear: Framebuffer is incomplete: Attachment has zero size. @ http://localhost:5173/:0
[  175060ms] [WARNING] [.WebGL-0x10c00456200] GL_INVALID_FRAMEBUFFER_OPERATION: glDrawArrays: Framebuffer is incomplete: Attachment has zero size. @ http://localhost:5173/:0
[  175060ms] [WARNING] [.WebGL-0x10c00456200] GL_INVALID_FRAMEBUFFER_OPERATION: glClear: Framebuffer is incomplete: Attachment has zero size. @ http://localhost:5173/:0
[  175060ms] [WARNING] [.WebGL-0x10c00456200] GL_INVALID_FRAMEBUFFER_OPERATION: glDrawArrays: Framebuffer is incomplete: Attachment has zero size. @ http://localhost:5173/:0
[  175060ms] [WARNING] [.WebGL-0x10c00456200] GL_INVALID_FRAMEBUFFER_OPERATION: glClear: Framebuffer is incomplete: Attachment has zero size. @ http://localhost:5173/:0
[  175060ms] [WARNING] [.WebGL-0x10c00456200] GL_INVALID_FRAMEBUFFER_OPERATION: glDrawArrays: Framebuffer is incomplete: Attachment has zero size. @ http://localhost:5173/:0
[  175060ms] [WARNING] [.WebGL-0x10c00456200] GL_INVALID_FRAMEBUFFER_OPERATION: glClear: Framebuffer is incomplete: Attachment has zero size. @ http://localhost:5173/:0
[  175060ms] [WARNING] [.WebGL-0x10c00456200] GL_INVALID_FRAMEBUFFER_OPERATION: glDrawArrays: Framebuffer is incomplete: Attachment has zero size. @ http://localhost:5173/:0
[  175060ms] [WARNING] [.WebGL-0x10c00456200] GL_INVALID_FRAMEBUFFER_OPERATION: glClear: Framebuffer is incomplete: Attachment has zero size. @ http://localhost:5173/:0
[  175060ms] [WARNING] [.WebGL-0x10c00456200] GL_INVALID_FRAMEBUFFER_OPERATION: glDrawArrays: Framebuffer is incomplete: Attachment has zero size. @ http://localhost:5173/:0
[  175060ms] [WARNING] [.WebGL-0x10c00456200] GL_INVALID_FRAMEBUFFER_OPERATION: glClear: Framebuffer is incomplete: Attachment has zero size. @ http://localhost:5173/:0
[  175060ms] [WARNING] [.WebGL-0x10c00456200] GL_INVALID_FRAMEBUFFER_OPERATION: glDrawArrays: Framebuffer is incomplete: Attachment has zero size. @ http://localhost:5173/:0
[  175060ms] [WARNING] [.WebGL-0x10c00456200] GL_INVALID_FRAMEBUFFER_OPERATION: glClear: Framebuffer is incomplete: Attachment has zero size. @ http://localhost:5173/:0
[  175060ms] [WARNING] [.WebGL-0x10c00456200] GL_INVALID_FRAMEBUFFER_OPERATION: glDrawArrays: Framebuffer is incomplete: Attachment has zero size. @ http://localhost:5173/:0
[  175060ms] [WARNING] [.WebGL-0x10c00456200] GL_INVALID_FRAMEBUFFER_OPERATION: glClear: Framebuffer is incomplete: Attachment has zero size. @ http://localhost:5173/:0
[  175060ms] [WARNING] [.WebGL-0x10c00456200] GL_INVALID_FRAMEBUFFER_OPERATION: glDrawArrays: Framebuffer is incomplete: Attachment has zero size. @ http://localhost:5173/:0
[  175060ms] [WARNING] [.WebGL-0x10c00456200] GL_INVALID_FRAMEBUFFER_OPERATION: glClear: Framebuffer is incomplete: Attachment has zero size. @ http://localhost:5173/:0
[  175060ms] [WARNING] [.WebGL-0x10c00456200] GL_INVALID_FRAMEBUFFER_OPERATION: glDrawArrays: Framebuffer is incomplete: Attachment has zero size. @ http://localhost:5173/:0
[  175060ms] [WARNING] [.WebGL-0x10c00456200] GL_INVALID_FRAMEBUFFER_OPERATION: glClear: Framebuffer is incomplete: Attachment has zero size. @ http://localhost:5173/:0
[  175060ms] [WARNING] [.WebGL-0x10c00456200] GL_INVALID_FRAMEBUFFER_OPERATION: glDrawArrays: Framebuffer is incomplete: Attachment has zero size. @ http://localhost:5173/:0
[  175060ms] [WARNING] [.WebGL-0x10c00456200] GL_INVALID_FRAMEBUFFER_OPERATION: glClear: Framebuffer is incomplete: Attachment has zero size. @ http://localhost:5173/:0
[  175060ms] [WARNING] [.WebGL-0x10c00456200] GL_INVALID_FRAMEBUFFER_OPERATION: glDrawArrays: Framebuffer is incomplete: Attachment has zero size. @ http://localhost:5173/:0
[  175060ms] [WARNING] [.WebGL-0x10c00456200] GL_INVALID_FRAMEBUFFER_OPERATION: glClear: Framebuffer is incomplete: Attachment has zero size. @ http://localhost:5173/:0
[  175060ms] [WARNING] [.WebGL-0x10c00456200] GL_INVALID_FRAMEBUFFER_OPERATION: glDrawArrays: Framebuffer is incomplete: Attachment has zero size. @ http://localhost:5173/:0
[  175060ms] [WARNING] [.WebGL-0x10c00456200] GL_INVALID_FRAMEBUFFER_OPERATION: glDrawArrays: Framebuffer is incomplete: Attachment has zero size. @ http://localhost:5173/:0
[  175063ms] [WARNING] [.WebGL-0x10c00456200] GL_INVALID_FRAMEBUFFER_OPERATION: glClear: Framebuffer is incomplete: Attachment has zero size. @ http://localhost:5173/:0
[  175063ms] [WARNING] [.WebGL-0x10c00456200] GL_INVALID_FRAMEBUFFER_OPERATION: glDrawElements: Framebuffer is incomplete: Attachment has zero size. @ http://localhost:5173/:0
[  175063ms] [WARNING] [.WebGL-0x10c00456200] GL_INVALID_FRAMEBUFFER_OPERATION: glClear: Framebuffer is incomplete: Attachment has zero size. @ http://localhost:5173/:0
[  175063ms] [WARNING] [.WebGL-0x10c00456200] GL_INVALID_FRAMEBUFFER_OPERATION: glDrawArrays: Framebuffer is incomplete: Attachment has zero size. @ http://localhost:5173/:0
[  175063ms] [WARNING] [.WebGL-0x10c00456200] GL_INVALID_FRAMEBUFFER_OPERATION: glClear: Framebuffer is incomplete: Attachment has zero size. @ http://localhost:5173/:0
[  175063ms] [WARNING] [.WebGL-0x10c00456200] GL_INVALID_FRAMEBUFFER_OPERATION: glDrawArrays: Framebuffer is incomplete: Attachment has zero size. @ http://localhost:5173/:0
[  175063ms] [WARNING] [.WebGL-0x10c00456200] GL_INVALID_FRAMEBUFFER_OPERATION: glClear: Framebuffer is incomplete: Attachment has zero size. @ http://localhost:5173/:0
[  175063ms] [WARNING] [.WebGL-0x10c00456200] GL_INVALID_FRAMEBUFFER_OPERATION: glDrawArrays: Framebuffer is incomplete: Attachment has zero size. @ http://localhost:5173/:0
[  175063ms] [WARNING] [.WebGL-0x10c00456200] GL_INVALID_FRAMEBUFFER_OPERATION: glClear: Framebuffer is incomplete: Attachment has zero size. @ http://localhost:5173/:0
[  175064ms] [WARNING] [.WebGL-0x10c00456200] GL_INVALID_FRAMEBUFFER_OPERATION: glDrawArrays: Framebuffer is incomplete: Attachment has zero size. @ http://localhost:5173/:0
[  175064ms] [WARNING] [.WebGL-0x10c00456200] GL_INVALID_FRAMEBUFFER_OPERATION: glClear: Framebuffer is incomplete: Attachment has zero size. @ http://localhost:5173/:0
[  175064ms] [WARNING] [.WebGL-0x10c00456200] GL_INVALID_FRAMEBUFFER_OPERATION: glDrawArrays: Framebuffer is incomplete: Attachment has zero size. @ http://localhost:5173/:0
[  175064ms] [WARNING] [.WebGL-0x10c00456200] GL_INVALID_FRAMEBUFFER_OPERATION: glClear: Framebuffer is incomplete: Attachment has zero size. @ http://localhost:5173/:0
[  175064ms] [WARNING] [.WebGL-0x10c00456200] GL_INVALID_FRAMEBUFFER_OPERATION: glDrawArrays: Framebuffer is incomplete: Attachment has zero size. @ http://localhost:5173/:0
[  175064ms] [WARNING] [.WebGL-0x10c00456200] GL_INVALID_FRAMEBUFFER_OPERATION: glClear: Framebuffer is incomplete: Attachment has zero size. @ http://localhost:5173/:0
[  175064ms] [WARNING] [.WebGL-0x10c00456200] GL_INVALID_FRAMEBUFFER_OPERATION: glDrawArrays: Framebuffer is incomplete: Attachment has zero size. @ http://localhost:5173/:0
[  175064ms] [WARNING] [.WebGL-0x10c00456200] GL_INVALID_FRAMEBUFFER_OPERATION: glClear: Framebuffer is incomplete: Attachment has zero size. @ http://localhost:5173/:0
[  175064ms] [WARNING] [.WebGL-0x10c00456200] GL_INVALID_FRAMEBUFFER_OPERATION: glDrawArrays: Framebuffer is incomplete: Attachment has zero size. @ http://localhost:5173/:0
[  175064ms] [WARNING] [.WebGL-0x10c00456200] GL_INVALID_FRAMEBUFFER_OPERATION: glClear: Framebuffer is incomplete: Attachment has zero size. @ http://localhost:5173/:0
[  175064ms] [WARNING] [.WebGL-0x10c00456200] GL_INVALID_FRAMEBUFFER_OPERATION: glDrawArrays: Framebuffer is incomplete: Attachment has zero size. @ http://localhost:5173/:0
[  175064ms] [WARNING] [.WebGL-0x10c00456200] GL_INVALID_FRAMEBUFFER_OPERATION: glClear: Framebuffer is incomplete: Attachment has zero size. @ http://localhost:5173/:0
[  175064ms] [WARNING] [.WebGL-0x10c00456200] GL_INVALID_FRAMEBUFFER_OPERATION: glDrawArrays: Framebuffer is incomplete: Attachment has zero size. @ http://localhost:5173/:0
[  175064ms] [WARNING] [.WebGL-0x10c00456200] GL_INVALID_FRAMEBUFFER_OPERATION: glClear: Framebuffer is incomplete: Attachment has zero size. @ http://localhost:5173/:0
[  175064ms] [WARNING] [.WebGL-0x10c00456200] GL_INVALID_FRAMEBUFFER_OPERATION: glDrawArrays: Framebuffer is incomplete: Attachment has zero size. @ http://localhost:5173/:0
[  175064ms] [WARNING] [.WebGL-0x10c00456200] GL_INVALID_FRAMEBUFFER_OPERATION: glClear: Framebuffer is incomplete: Attachment has zero size. @ http://localhost:5173/:0
[  175064ms] [WARNING] [.WebGL-0x10c00456200] GL_INVALID_FRAMEBUFFER_OPERATION: glDrawArrays: Framebuffer is incomplete: Attachment has zero size. @ http://localhost:5173/:0
[  175064ms] [WARNING] [.WebGL-0x10c00456200] GL_INVALID_FRAMEBUFFER_OPERATION: glDrawArrays: Framebuffer is incomplete: Attachment has zero size. @ http://localhost:5173/:0
[  175066ms] [WARNING] [.WebGL-0x10c00456200] GL_INVALID_FRAMEBUFFER_OPERATION: glClear: Framebuffer is incomplete: Attachment has zero size. @ http://localhost:5173/:0
[  175066ms] [WARNING] [.WebGL-0x10c00456200] GL_INVALID_FRAMEBUFFER_OPERATION: glDrawElements: Framebuffer is incomplete: Attachment has zero size. @ http://localhost:5173/:0
[  175066ms] [WARNING] [.WebGL-0x10c00456200] GL_INVALID_FRAMEBUFFER_OPERATION: glClear: Framebuffer is incomplete: Attachment has zero size. @ http://localhost:5173/:0
[  175066ms] [WARNING] [.WebGL-0x10c00456200] GL_INVALID_FRAMEBUFFER_OPERATION: glDrawArrays: Framebuffer is incomplete: Attachment has zero size. @ http://localhost:5173/:0
[  175066ms] [WARNING] [.WebGL-0x10c00456200] GL_INVALID_FRAMEBUFFER_OPERATION: glClear: Framebuffer is incomplete: Attachment has zero size. @ http://localhost:5173/:0
[  175066ms] [WARNING] [.WebGL-0x10c00456200] GL_INVALID_FRAMEBUFFER_OPERATION: glDrawArrays: Framebuffer is incomplete: Attachment has zero size. @ http://localhost:5173/:0
[  175066ms] [WARNING] [.WebGL-0x10c00456200] GL_INVALID_FRAMEBUFFER_OPERATION: glClear: Framebuffer is incomplete: Attachment has zero size. @ http://localhost:5173/:0
[  175066ms] [WARNING] [.WebGL-0x10c00456200] GL_INVALID_FRAMEBUFFER_OPERATION: glDrawArrays: Framebuffer is incomplete: Attachment has zero size. @ http://localhost:5173/:0
[  175066ms] [WARNING] [.WebGL-0x10c00456200] GL_INVALID_FRAMEBUFFER_OPERATION: glClear: Framebuffer is incomplete: Attachment has zero size. @ http://localhost:5173/:0
[  175066ms] [WARNING] [.WebGL-0x10c00456200] GL_INVALID_FRAMEBUFFER_OPERATION: glDrawArrays: Framebuffer is incomplete: Attachment has zero size. @ http://localhost:5173/:0
[  175066ms] [WARNING] [.WebGL-0x10c00456200] GL_INVALID_FRAMEBUFFER_OPERATION: glClear: Framebuffer is incomplete: Attachment has zero size. @ http://localhost:5173/:0
[  175066ms] [WARNING] [.WebGL-0x10c00456200] GL_INVALID_FRAMEBUFFER_OPERATION: glDrawArrays: Framebuffer is incomplete: Attachment has zero size. @ http://localhost:5173/:0
[  175066ms] [WARNING] [.WebGL-0x10c00456200] GL_INVALID_FRAMEBUFFER_OPERATION: glClear: Framebuffer is incomplete: Attachment has zero size. @ http://localhost:5173/:0
[  175066ms] [WARNING] [.WebGL-0x10c00456200] GL_INVALID_FRAMEBUFFER_OPERATION: glDrawArrays: Framebuffer is incomplete: Attachment has zero size. @ http://localhost:5173/:0
[  175066ms] [WARNING] [.WebGL-0x10c00456200] GL_INVALID_FRAMEBUFFER_OPERATION: glClear: Framebuffer is incomplete: Attachment has zero size. @ http://localhost:5173/:0
[  175066ms] [WARNING] [.WebGL-0x10c00456200] GL_INVALID_FRAMEBUFFER_OPERATION: glDrawArrays: Framebuffer is incomplete: Attachment has zero size. @ http://localhost:5173/:0
[  175066ms] [WARNING] [.WebGL-0x10c00456200] GL_INVALID_FRAMEBUFFER_OPERATION: glClear: Framebuffer is incomplete: Attachment has zero size. @ http://localhost:5173/:0
[  175066ms] [WARNING] [.WebGL-0x10c00456200] GL_INVALID_FRAMEBUFFER_OPERATION: glDrawArrays: Framebuffer is incomplete: Attachment has zero size. @ http://localhost:5173/:0
[  175066ms] [WARNING] [.WebGL-0x10c00456200] GL_INVALID_FRAMEBUFFER_OPERATION: glClear: Framebuffer is incomplete: Attachment has zero size. @ http://localhost:5173/:0
[  175066ms] [WARNING] [.WebGL-0x10c00456200] GL_INVALID_FRAMEBUFFER_OPERATION: glDrawArrays: Framebuffer is incomplete: Attachment has zero size. @ http://localhost:5173/:0
[  175066ms] [WARNING] [.WebGL-0x10c00456200] GL_INVALID_FRAMEBUFFER_OPERATION: glClear: Framebuffer is incomplete: Attachment has zero size. @ http://localhost:5173/:0
[  175066ms] [WARNING] [.WebGL-0x10c00456200] GL_INVALID_FRAMEBUFFER_OPERATION: glDrawArrays: Framebuffer is incomplete: Attachment has zero size. @ http://localhost:5173/:0
[  175066ms] [WARNING] [.WebGL-0x10c00456200] GL_INVALID_FRAMEBUFFER_OPERATION: glClear: Framebuffer is incomplete: Attachment has zero size. @ http://localhost:5173/:0
[  175067ms] [WARNING] [.WebGL-0x10c00456200] GL_INVALID_FRAMEBUFFER_OPERATION: glDrawArrays: Framebuffer is incomplete: Attachment has zero size. @ http://localhost:5173/:0
[  175067ms] [WARNING] [.WebGL-0x10c00456200] GL_INVALID_FRAMEBUFFER_OPERATION: glClear: Framebuffer is incomplete: Attachment has zero size. @ http://localhost:5173/:0
[  175067ms] [WARNING] [.WebGL-0x10c00456200] GL_INVALID_FRAMEBUFFER_OPERATION: glDrawArrays: Framebuffer is incomplete: Attachment has zero size. @ http://localhost:5173/:0
[  175067ms] [WARNING] [.WebGL-0x10c00456200] GL_INVALID_FRAMEBUFFER_OPERATION: glDrawArrays: Framebuffer is incomplete: Attachment has zero size. @ http://localhost:5173/:0
[  175073ms] [WARNING] [.WebGL-0x10c00456200] GL_INVALID_FRAMEBUFFER_OPERATION: glClear: Framebuffer is incomplete: Attachment has zero size. @ http://localhost:5173/:0
[  175073ms] [WARNING] [.WebGL-0x10c00456200] GL_INVALID_FRAMEBUFFER_OPERATION: glDrawElements: Framebuffer is incomplete: Attachment has zero size. @ http://localhost:5173/:0
[  175073ms] [WARNING] [.WebGL-0x10c00456200] GL_INVALID_FRAMEBUFFER_OPERATION: glClear: Framebuffer is incomplete: Attachment has zero size. @ http://localhost:5173/:0
[  175073ms] [WARNING] [.WebGL-0x10c00456200] GL_INVALID_FRAMEBUFFER_OPERATION: glDrawArrays: Framebuffer is incomplete: Attachment has zero size. @ http://localhost:5173/:0
[  175073ms] [WARNING] [.WebGL-0x10c00456200] GL_INVALID_FRAMEBUFFER_OPERATION: glClear: Framebuffer is incomplete: Attachment has zero size. @ http://localhost:5173/:0
[  175073ms] [WARNING] [.WebGL-0x10c00456200] GL_INVALID_FRAMEBUFFER_OPERATION: glDrawArrays: Framebuffer is incomplete: Attachment has zero size. @ http://localhost:5173/:0
[  175073ms] [WARNING] [.WebGL-0x10c00456200] GL_INVALID_FRAMEBUFFER_OPERATION: glClear: Framebuffer is incomplete: Attachment has zero size. @ http://localhost:5173/:0
[  175073ms] [WARNING] [.WebGL-0x10c00456200] GL_INVALID_FRAMEBUFFER_OPERATION: glDrawArrays: Framebuffer is incomplete: Attachment has zero size. @ http://localhost:5173/:0
[  175073ms] [WARNING] [.WebGL-0x10c00456200] GL_INVALID_FRAMEBUFFER_OPERATION: glClear: Framebuffer is incomplete: Attachment has zero size. @ http://localhost:5173/:0
[  175073ms] [WARNING] [.WebGL-0x10c00456200] GL_INVALID_FRAMEBUFFER_OPERATION: glDrawArrays: Framebuffer is incomplete: Attachment has zero size. @ http://localhost:5173/:0
[  175073ms] [WARNING] [.WebGL-0x10c00456200] GL_INVALID_FRAMEBUFFER_OPERATION: glClear: Framebuffer is incomplete: Attachment has zero size. @ http://localhost:5173/:0
[  175073ms] [WARNING] [.WebGL-0x10c00456200] GL_INVALID_FRAMEBUFFER_OPERATION: glDrawArrays: Framebuffer is incomplete: Attachment has zero size. @ http://localhost:5173/:0
[  175073ms] [WARNING] [.WebGL-0x10c00456200] GL_INVALID_FRAMEBUFFER_OPERATION: glClear: Framebuffer is incomplete: Attachment has zero size. @ http://localhost:5173/:0
[  175073ms] [WARNING] [.WebGL-0x10c00456200] GL_INVALID_FRAMEBUFFER_OPERATION: glDrawArrays: Framebuffer is incomplete: Attachment has zero size. @ http://localhost:5173/:0
[  175073ms] [WARNING] [.WebGL-0x10c00456200] GL_INVALID_FRAMEBUFFER_OPERATION: glClear: Framebuffer is incomplete: Attachment has zero size. @ http://localhost:5173/:0
[  175073ms] [WARNING] [.WebGL-0x10c00456200] GL_INVALID_FRAMEBUFFER_OPERATION: glDrawArrays: Framebuffer is incomplete: Attachment has zero size. @ http://localhost:5173/:0
[  175073ms] [WARNING] [.WebGL-0x10c00456200] GL_INVALID_FRAMEBUFFER_OPERATION: glClear: Framebuffer is incomplete: Attachment has zero size. @ http://localhost:5173/:0
[  175073ms] [WARNING] [.WebGL-0x10c00456200] GL_INVALID_FRAMEBUFFER_OPERATION: glDrawArrays: Framebuffer is incomplete: Attachment has zero size. @ http://localhost:5173/:0
[  175073ms] [WARNING] [.WebGL-0x10c00456200] GL_INVALID_FRAMEBUFFER_OPERATION: glClear: Framebuffer is incomplete: Attachment has zero size. @ http://localhost:5173/:0
[  175073ms] [WARNING] [.WebGL-0x10c00456200] GL_INVALID_FRAMEBUFFER_OPERATION: glDrawArrays: Framebuffer is incomplete: Attachment has zero size. @ http://localhost:5173/:0
[  175073ms] [WARNING] [.WebGL-0x10c00456200] GL_INVALID_FRAMEBUFFER_OPERATION: glClear: Framebuffer is incomplete: Attachment has zero size. @ http://localhost:5173/:0
[  175073ms] [WARNING] [.WebGL-0x10c00456200] GL_INVALID_FRAMEBUFFER_OPERATION: glDrawArrays: Framebuffer is incomplete: Attachment has zero size. @ http://localhost:5173/:0
[  175073ms] [WARNING] [.WebGL-0x10c00456200] GL_INVALID_FRAMEBUFFER_OPERATION: glClear: Framebuffer is incomplete: Attachment has zero size. @ http://localhost:5173/:0
[  175073ms] [WARNING] [.WebGL-0x10c00456200] GL_INVALID_FRAMEBUFFER_OPERATION: glDrawArrays: Framebuffer is incomplete: Attachment has zero size. @ http://localhost:5173/:0
[  175073ms] [WARNING] [.WebGL-0x10c00456200] GL_INVALID_FRAMEBUFFER_OPERATION: glClear: Framebuffer is incomplete: Attachment has zero size. @ http://localhost:5173/:0
[  175073ms] [WARNING] [.WebGL-0x10c00456200] GL_INVALID_FRAMEBUFFER_OPERATION: glDrawArrays: Framebuffer is incomplete: Attachment has zero size. @ http://localhost:5173/:0
[  175073ms] [WARNING] [.WebGL-0x10c00456200] GL_INVALID_FRAMEBUFFER_OPERATION: glDrawArrays: Framebuffer is incomplete: Attachment has zero size. @ http://localhost:5173/:0
[  175079ms] [WARNING] [.WebGL-0x10c00456200] GL_INVALID_FRAMEBUFFER_OPERATION: glClear: Framebuffer is incomplete: Attachment has zero size. @ http://localhost:5173/:0
[  175079ms] [WARNING] [.WebGL-0x10c00456200] GL_INVALID_FRAMEBUFFER_OPERATION: glDrawElements: Framebuffer is incomplete: Attachment has zero size. @ http://localhost:5173/:0
[  175079ms] [WARNING] [.WebGL-0x10c00456200] GL_INVALID_FRAMEBUFFER_OPERATION: glClear: Framebuffer is incomplete: Attachment has zero size. @ http://localhost:5173/:0
[  175079ms] [WARNING] [.WebGL-0x10c00456200] GL_INVALID_FRAMEBUFFER_OPERATION: glDrawArrays: Framebuffer is incomplete: Attachment has zero size. @ http://localhost:5173/:0
[  175079ms] [WARNING] [.WebGL-0x10c00456200] GL_INVALID_FRAMEBUFFER_OPERATION: glClear: Framebuffer is incomplete: Attachment has zero size. @ http://localhost:5173/:0
[  175079ms] [WARNING] [.WebGL-0x10c00456200] GL_INVALID_FRAMEBUFFER_OPERATION: glDrawArrays: Framebuffer is incomplete: Attachment has zero size. @ http://localhost:5173/:0
[  175079ms] [WARNING] [.WebGL-0x10c00456200] GL_INVALID_FRAMEBUFFER_OPERATION: glClear: Framebuffer is incomplete: Attachment has zero size. @ http://localhost:5173/:0
[  175079ms] [WARNING] [.WebGL-0x10c00456200] GL_INVALID_FRAMEBUFFER_OPERATION: glDrawArrays: Framebuffer is incomplete: Attachment has zero size. @ http://localhost:5173/:0
[  175079ms] [WARNING] [.WebGL-0x10c00456200] GL_INVALID_FRAMEBUFFER_OPERATION: glClear: Framebuffer is incomplete: Attachment has zero size. @ http://localhost:5173/:0
[  175079ms] [WARNING] [.WebGL-0x10c00456200] GL_INVALID_FRAMEBUFFER_OPERATION: glDrawArrays: Framebuffer is incomplete: Attachment has zero size. @ http://localhost:5173/:0
[  175079ms] [WARNING] [.WebGL-0x10c00456200] GL_INVALID_FRAMEBUFFER_OPERATION: glClear: Framebuffer is incomplete: Attachment has zero size. @ http://localhost:5173/:0
[  175079ms] [WARNING] [.WebGL-0x10c00456200] GL_INVALID_FRAMEBUFFER_OPERATION: glDrawArrays: Framebuffer is incomplete: Attachment has zero size. @ http://localhost:5173/:0
[  175079ms] [WARNING] [.WebGL-0x10c00456200] GL_INVALID_FRAMEBUFFER_OPERATION: glClear: Framebuffer is incomplete: Attachment has zero size. @ http://localhost:5173/:0
[  175079ms] [WARNING] [.WebGL-0x10c00456200] GL_INVALID_FRAMEBUFFER_OPERATION: glDrawArrays: Framebuffer is incomplete: Attachment has zero size. @ http://localhost:5173/:0
[  175079ms] [WARNING] [.WebGL-0x10c00456200] GL_INVALID_FRAMEBUFFER_OPERATION: glClear: Framebuffer is incomplete: Attachment has zero size. @ http://localhost:5173/:0
[  175079ms] [WARNING] [.WebGL-0x10c00456200] GL_INVALID_FRAMEBUFFER_OPERATION: glDrawArrays: Framebuffer is incomplete: Attachment has zero size. @ http://localhost:5173/:0
[  175079ms] [WARNING] [.WebGL-0x10c00456200] GL_INVALID_FRAMEBUFFER_OPERATION: glClear: Framebuffer is incomplete: Attachment has zero size. @ http://localhost:5173/:0
[  175079ms] [WARNING] [.WebGL-0x10c00456200] GL_INVALID_FRAMEBUFFER_OPERATION: glDrawArrays: Framebuffer is incomplete: Attachment has zero size. @ http://localhost:5173/:0
[  175079ms] [WARNING] [.WebGL-0x10c00456200] GL_INVALID_FRAMEBUFFER_OPERATION: glClear: Framebuffer is incomplete: Attachment has zero size. @ http://localhost:5173/:0
[  175079ms] [WARNING] [.WebGL-0x10c00456200] GL_INVALID_FRAMEBUFFER_OPERATION: glDrawArrays: Framebuffer is incomplete: Attachment has zero size. @ http://localhost:5173/:0
[  175079ms] [WARNING] [.WebGL-0x10c00456200] GL_INVALID_FRAMEBUFFER_OPERATION: glClear: Framebuffer is incomplete: Attachment has zero size. @ http://localhost:5173/:0
[  175079ms] [WARNING] [.WebGL-0x10c00456200] GL_INVALID_FRAMEBUFFER_OPERATION: glDrawArrays: Framebuffer is incomplete: Attachment has zero size. @ http://localhost:5173/:0
[  175079ms] [WARNING] [.WebGL-0x10c00456200] GL_INVALID_FRAMEBUFFER_OPERATION: glClear: Framebuffer is incomplete: Attachment has zero size. @ http://localhost:5173/:0
[  175079ms] [WARNING] [.WebGL-0x10c00456200] GL_INVALID_FRAMEBUFFER_OPERATION: glDrawArrays: Framebuffer is incomplete: Attachment has zero size. @ http://localhost:5173/:0
[  175079ms] [WARNING] [.WebGL-0x10c00456200] GL_INVALID_FRAMEBUFFER_OPERATION: glClear: Framebuffer is incomplete: Attachment has zero size. @ http://localhost:5173/:0
[  175079ms] [WARNING] [.WebGL-0x10c00456200] GL_INVALID_FRAMEBUFFER_OPERATION: glDrawArrays: Framebuffer is incomplete: Attachment has zero size. @ http://localhost:5173/:0
[  175079ms] [WARNING] [.WebGL-0x10c00456200] GL_INVALID_FRAMEBUFFER_OPERATION: glDrawArrays: Framebuffer is incomplete: Attachment has zero size. @ http://localhost:5173/:0
[  175085ms] [WARNING] [.WebGL-0x10c00456200] GL_INVALID_FRAMEBUFFER_OPERATION: glClear: Framebuffer is incomplete: Attachment has zero size. @ http://localhost:5173/:0
[  175085ms] [WARNING] [.WebGL-0x10c00456200] GL_INVALID_FRAMEBUFFER_OPERATION: glDrawElements: Framebuffer is incomplete: Attachment has zero size. @ http://localhost:5173/:0
[  175085ms] [WARNING] [.WebGL-0x10c00456200] GL_INVALID_FRAMEBUFFER_OPERATION: glClear: Framebuffer is incomplete: Attachment has zero size. @ http://localhost:5173/:0
[  175085ms] [WARNING] [.WebGL-0x10c00456200] GL_INVALID_FRAMEBUFFER_OPERATION: glDrawArrays: Framebuffer is incomplete: Attachment has zero size. @ http://localhost:5173/:0
[  175085ms] [WARNING] [.WebGL-0x10c00456200] GL_INVALID_FRAMEBUFFER_OPERATION: glClear: Framebuffer is incomplete: Attachment has zero size. @ http://localhost:5173/:0
[  175085ms] [WARNING] [.WebGL-0x10c00456200] GL_INVALID_FRAMEBUFFER_OPERATION: glDrawArrays: Framebuffer is incomplete: Attachment has zero size. @ http://localhost:5173/:0
[  175085ms] [WARNING] [.WebGL-0x10c00456200] GL_INVALID_FRAMEBUFFER_OPERATION: glClear: Framebuffer is incomplete: Attachment has zero size. @ http://localhost:5173/:0
[  175085ms] [WARNING] [.WebGL-0x10c00456200] GL_INVALID_FRAMEBUFFER_OPERATION: glDrawArrays: Framebuffer is incomplete: Attachment has zero size. @ http://localhost:5173/:0
[  175085ms] [WARNING] [.WebGL-0x10c00456200] GL_INVALID_FRAMEBUFFER_OPERATION: glClear: Framebuffer is incomplete: Attachment has zero size. @ http://localhost:5173/:0
[  175085ms] [WARNING] [.WebGL-0x10c00456200] GL_INVALID_FRAMEBUFFER_OPERATION: glDrawArrays: Framebuffer is incomplete: Attachment has zero size. @ http://localhost:5173/:0
[  175085ms] [WARNING] [.WebGL-0x10c00456200] GL_INVALID_FRAMEBUFFER_OPERATION: glClear: Framebuffer is incomplete: Attachment has zero size. @ http://localhost:5173/:0
[  175085ms] [WARNING] [.WebGL-0x10c00456200] GL_INVALID_FRAMEBUFFER_OPERATION: glDrawArrays: Framebuffer is incomplete: Attachment has zero size. @ http://localhost:5173/:0
[  175085ms] [WARNING] [.WebGL-0x10c00456200] GL_INVALID_FRAMEBUFFER_OPERATION: glClear: Framebuffer is incomplete: Attachment has zero size. @ http://localhost:5173/:0
[  175085ms] [WARNING] [.WebGL-0x10c00456200] GL_INVALID_FRAMEBUFFER_OPERATION: glDrawArrays: Framebuffer is incomplete: Attachment has zero size. @ http://localhost:5173/:0
[  175085ms] [WARNING] [.WebGL-0x10c00456200] GL_INVALID_FRAMEBUFFER_OPERATION: glClear: Framebuffer is incomplete: Attachment has zero size. @ http://localhost:5173/:0
[  175085ms] [WARNING] [.WebGL-0x10c00456200] GL_INVALID_FRAMEBUFFER_OPERATION: glDrawArrays: Framebuffer is incomplete: Attachment has zero size. @ http://localhost:5173/:0
[  175085ms] [WARNING] [.WebGL-0x10c00456200] GL_INVALID_FRAMEBUFFER_OPERATION: glClear: Framebuffer is incomplete: Attachment has zero size. @ http://localhost:5173/:0
[  175085ms] [WARNING] [.WebGL-0x10c00456200] GL_INVALID_FRAMEBUFFER_OPERATION: glDrawArrays: Framebuffer is incomplete: Attachment has zero size. @ http://localhost:5173/:0
[  175085ms] [WARNING] [.WebGL-0x10c00456200] GL_INVALID_FRAMEBUFFER_OPERATION: glClear: Framebuffer is incomplete: Attachment has zero size. @ http://localhost:5173/:0
[  175085ms] [WARNING] [.WebGL-0x10c00456200] GL_INVALID_FRAMEBUFFER_OPERATION: glDrawArrays: Framebuffer is incomplete: Attachment has zero size. @ http://localhost:5173/:0
[  175085ms] [WARNING] [.WebGL-0x10c00456200] GL_INVALID_FRAMEBUFFER_OPERATION: glClear: Framebuffer is incomplete: Attachment has zero size. @ http://localhost:5173/:0
[  175085ms] [WARNING] [.WebGL-0x10c00456200] GL_INVALID_FRAMEBUFFER_OPERATION: glDrawArrays: Framebuffer is incomplete: Attachment has zero size. @ http://localhost:5173/:0
[  175085ms] [WARNING] [.WebGL-0x10c00456200] GL_INVALID_FRAMEBUFFER_OPERATION: glClear: Framebuffer is incomplete: Attachment has zero size. @ http://localhost:5173/:0
[  175085ms] [WARNING] [.WebGL-0x10c00456200] GL_INVALID_FRAMEBUFFER_OPERATION: glDrawArrays: Framebuffer is incomplete: Attachment has zero size. @ http://localhost:5173/:0
[  175085ms] [WARNING] [.WebGL-0x10c00456200] GL_INVALID_FRAMEBUFFER_OPERATION: glClear: Framebuffer is incomplete: Attachment has zero size. @ http://localhost:5173/:0
[  175085ms] [WARNING] [.WebGL-0x10c00456200] GL_INVALID_FRAMEBUFFER_OPERATION: glDrawArrays: Framebuffer is incomplete: Attachment has zero size. @ http://localhost:5173/:0
[  175085ms] [WARNING] [.WebGL-0x10c00456200] GL_INVALID_FRAMEBUFFER_OPERATION: glDrawArrays: Framebuffer is incomplete: Attachment has zero size. @ http://localhost:5173/:0
[  175091ms] [WARNING] [.WebGL-0x10c00456200] GL_INVALID_FRAMEBUFFER_OPERATION: glClear: Framebuffer is incomplete: Attachment has zero size. @ http://localhost:5173/:0
[  175091ms] [WARNING] [.WebGL-0x10c00456200] GL_INVALID_FRAMEBUFFER_OPERATION: glDrawElements: Framebuffer is incomplete: Attachment has zero size. @ http://localhost:5173/:0
[  175091ms] [WARNING] [.WebGL-0x10c00456200] GL_INVALID_FRAMEBUFFER_OPERATION: glClear: Framebuffer is incomplete: Attachment has zero size. @ http://localhost:5173/:0
[  175091ms] [WARNING] [.WebGL-0x10c00456200] GL_INVALID_FRAMEBUFFER_OPERATION: glDrawArrays: Framebuffer is incomplete: Attachment has zero size. @ http://localhost:5173/:0
[  175091ms] [WARNING] [.WebGL-0x10c00456200] GL_INVALID_FRAMEBUFFER_OPERATION: glClear: Framebuffer is incomplete: Attachment has zero size. @ http://localhost:5173/:0
[  175091ms] [WARNING] [.WebGL-0x10c00456200] GL_INVALID_FRAMEBUFFER_OPERATION: glDrawArrays: Framebuffer is incomplete: Attachment has zero size. @ http://localhost:5173/:0
[  175091ms] [WARNING] [.WebGL-0x10c00456200] GL_INVALID_FRAMEBUFFER_OPERATION: glClear: Framebuffer is incomplete: Attachment has zero size. @ http://localhost:5173/:0
[  175091ms] [WARNING] [.WebGL-0x10c00456200] GL_INVALID_FRAMEBUFFER_OPERATION: glDrawArrays: Framebuffer is incomplete: Attachment has zero size. @ http://localhost:5173/:0
[  175091ms] [WARNING] [.WebGL-0x10c00456200] GL_INVALID_FRAMEBUFFER_OPERATION: glClear: Framebuffer is incomplete: Attachment has zero size. @ http://localhost:5173/:0
[  175091ms] [WARNING] [.WebGL-0x10c00456200] GL_INVALID_FRAMEBUFFER_OPERATION: glDrawArrays: Framebuffer is incomplete: Attachment has zero size. @ http://localhost:5173/:0
[  175091ms] [WARNING] [.WebGL-0x10c00456200] GL_INVALID_FRAMEBUFFER_OPERATION: glClear: Framebuffer is incomplete: Attachment has zero size. @ http://localhost:5173/:0
[  175091ms] [WARNING] [.WebGL-0x10c00456200] GL_INVALID_FRAMEBUFFER_OPERATION: glDrawArrays: Framebuffer is incomplete: Attachment has zero size. @ http://localhost:5173/:0
[  175091ms] [WARNING] [.WebGL-0x10c00456200] GL_INVALID_FRAMEBUFFER_OPERATION: glClear: Framebuffer is incomplete: Attachment has zero size. @ http://localhost:5173/:0
[  175091ms] [WARNING] [.WebGL-0x10c00456200] GL_INVALID_FRAMEBUFFER_OPERATION: glDrawArrays: Framebuffer is incomplete: Attachment has zero size. @ http://localhost:5173/:0
[  175091ms] [WARNING] [.WebGL-0x10c00456200] GL_INVALID_FRAMEBUFFER_OPERATION: glClear: Framebuffer is incomplete: Attachment has zero size. @ http://localhost:5173/:0
[  175091ms] [WARNING] [.WebGL-0x10c00456200] GL_INVALID_FRAMEBUFFER_OPERATION: glDrawArrays: Framebuffer is incomplete: Attachment has zero size. @ http://localhost:5173/:0
[  175091ms] [WARNING] WebGL: too many errors, no more errors will be reported to the console for this context. @ http://localhost:5173/:0
